This file contains any messages produced by compilers while
running configure, to aid debugging if configure makes a mistake.

It was created by gas configure 2.26.1, which was
generated by GNU Autoconf 2.64.  Invocation command line was

  $ /tmp/binutils-2.26.1/gas/configure --srcdir=.././gas --cache-file=./config.cache --with-gnu-as --with-gnu-ld --prefix=/opt/i860 --disable-multilib --program-transform-name=s&^&i860-stardent-sysv4-& --disable-option-checking --build=x86_64-pc-linux-gnu --host=x86_64-pc-linux-gnu --target=i860-stardent-sysv4

## --------- ##
## Platform. ##
## --------- ##

hostname = msi790
uname -m = x86_64
uname -r = 6.8.0-47-generic
uname -s = Linux
uname -v = #47~22.04.1-Ubuntu SMP PREEMPT_DYNAMIC Wed Oct  2 16:16:55 UTC 2

/usr/bin/uname -p = x86_64
/bin/uname -X     = unknown

/bin/arch              = x86_64
/usr/bin/arch -k       = unknown
/usr/convex/getsysinfo = unknown
/usr/bin/hostinfo      = unknown
/bin/machine           = unknown
/usr/bin/oslevel       = unknown
/bin/universe          = unknown

PATH: /opt/i860/bin
PATH: /opt/intel/oneapi/compiler/2023.2.0/linux/bin/intel64
PATH: /opt/nvidia/hpc_sdk/Linux_x86_64/23.7/comm_libs/mpi/bin
PATH: /opt/nvidia/hpc_sdk/Linux_x86_64/23.7/compilers/bin
PATH: /opt/anaconda3/bin
PATH: /home/milarson/.local/bin
PATH: /opt/nvidia/hpc_sdk/Linux_x86_64/23.7/compilers/bin
PATH: /usr/local/sbin
PATH: /usr/local/bin
PATH: /usr/sbin
PATH: /usr/bin
PATH: /sbin
PATH: /bin
PATH: /usr/games
PATH: /usr/local/games
PATH: /snap/bin
PATH: /opt/Xilinx/14.7/ISE_DS/ISE/bin/lin64
PATH: /opt/gcc-lm32/bin
PATH: /opt/Xilinx/14.7/ISE_DS/ISE/bin/lin64/
PATH: /opt/Xilinx/14.7/ISE_DS/EDK/bin/lin64/
PATH: /home/milarson/.local/bin


## ----------- ##
## Core tests. ##
## ----------- ##

configure:2200: creating cache ./config.cache
configure:2305: checking build system type
configure:2319: result: x86_64-pc-linux-gnu
configure:2339: checking host system type
configure:2352: result: x86_64-pc-linux-gnu
configure:2372: checking target system type
configure:2385: result: i860-stardent-sysv4
configure:2419: checking for x86_64-pc-linux-gnu-gcc
configure:2446: result: gcc
configure:2715: checking for C compiler version
configure:2724: gcc --version >&5
gcc (Ubuntu 11.4.0-1ubuntu1~22.04) 11.4.0
Copyright (C) 2021 Free Software Foundation, Inc.
This is free software; see the source for copying conditions.  There is NO
warranty; not even for MERCHANTABILITY or FITNESS FOR A PARTICULAR PURPOSE.

configure:2735: $? = 0
configure:2724: gcc -v >&5
Using built-in specs.
COLLECT_GCC=gcc
COLLECT_LTO_WRAPPER=/usr/lib/gcc/x86_64-linux-gnu/11/lto-wrapper
OFFLOAD_TARGET_NAMES=nvptx-none:amdgcn-amdhsa
OFFLOAD_TARGET_DEFAULT=1
Target: x86_64-linux-gnu
Configured with: ../src/configure -v --with-pkgversion='Ubuntu 11.4.0-1ubuntu1~22.04' --with-bugurl=file:///usr/share/doc/gcc-11/README.Bugs --enable-languages=c,ada,c++,go,brig,d,fortran,objc,obj-c++,m2 --prefix=/usr --with-gcc-major-version-only --program-suffix=-11 --program-prefix=x86_64-linux-gnu- --enable-shared --enable-linker-build-id --libexecdir=/usr/lib --without-included-gettext --enable-threads=posix --libdir=/usr/lib --enable-nls --enable-bootstrap --enable-clocale=gnu --enable-libstdcxx-debug --enable-libstdcxx-time=yes --with-default-libstdcxx-abi=new --enable-gnu-unique-object --disable-vtable-verify --enable-plugin --enable-default-pie --with-system-zlib --enable-libphobos-checking=release --with-target-system-zlib=auto --enable-objc-gc=auto --enable-multiarch --disable-werror --enable-cet --with-arch-32=i686 --with-abi=m64 --with-multilib-list=m32,m64,mx32 --enable-multilib --with-tune=generic --enable-offload-targets=nvptx-none=/build/gcc-11-XeT9lY/gcc-11-11.4.0/debian/tmp-nvptx/usr,amdgcn-amdhsa=/build/gcc-11-XeT9lY/gcc-11-11.4.0/debian/tmp-gcn/usr --without-cuda-driver --enable-checking=release --build=x86_64-linux-gnu --host=x86_64-linux-gnu --target=x86_64-linux-gnu --with-build-config=bootstrap-lto-lean --enable-link-serialization=2
Thread model: posix
Supported LTO compression algorithms: zlib zstd
gcc version 11.4.0 (Ubuntu 11.4.0-1ubuntu1~22.04) 
... rest of stderr output deleted ...
configure:2735: $? = 0
configure:2724: gcc -V >&5
gcc: error: unrecognized command-line option '-V'
gcc: fatal error: no input files
compilation terminated.
configure:2735: $? = 1
configure:2724: gcc -qversion >&5
gcc: error: unrecognized command-line option '-qversion'; did you mean '--version'?
gcc: fatal error: no input files
compilation terminated.
configure:2735: $? = 1
configure:2755: checking for C compiler default output file name
configure:2777: gcc -g -O2  -static-libstdc++ -static-libgcc  conftest.c  >&5
configure:2781: $? = 0
configure:2818: result: a.out
configure:2834: checking whether the C compiler works
configure:2843: ./a.out
configure:2847: $? = 0
configure:2862: result: yes
configure:2869: checking whether we are cross compiling
configure:2871: result: no
configure:2874: checking for suffix of executables
configure:2881: gcc -o conftest -g -O2  -static-libstdc++ -static-libgcc  conftest.c  >&5
configure:2885: $? = 0
configure:2907: result: 
configure:2913: checking for suffix of object files
configure:2935: gcc -c -g -O2  conftest.c >&5
configure:2939: $? = 0
configure:2960: result: o
configure:2964: checking whether we are using the GNU C compiler
configure:2983: gcc -c -g -O2  conftest.c >&5
configure:2983: $? = 0
configure:2992: result: yes
configure:3001: checking whether gcc accepts -g
configure:3021: gcc -c -g  conftest.c >&5
configure:3021: $? = 0
configure:3062: result: yes
configure:3079: checking for gcc option to accept ISO C89
configure:3143: gcc  -c -g -O2  conftest.c >&5
configure:3143: $? = 0
configure:3156: result: none needed
configure:3177: checking for library containing strerror
configure:3208: gcc -o conftest -g -O2  -static-libstdc++ -static-libgcc  conftest.c  >&5
configure:3208: $? = 0
configure:3225: result: none required
configure:3250: checking for a BSD-compatible install
configure:3318: result: /usr/bin/install -c
configure:3329: checking whether build environment is sane
configure:3379: result: yes
configure:3520: checking for a thread-safe mkdir -p
configure:3559: result: /usr/bin/mkdir -p
configure:3572: checking for gawk
configure:3599: result: mawk
configure:3610: checking whether make sets $(MAKE)
configure:3632: result: yes
configure:3662: checking for style of include used by make
configure:3690: result: GNU
configure:3775: checking dependency style of gcc
configure:3885: result: gcc3
configure:3910: checking for x86_64-pc-linux-gnu-gcc
configure:3937: result: gcc
configure:4206: checking for C compiler version
configure:4215: gcc --version >&5
gcc (Ubuntu 11.4.0-1ubuntu1~22.04) 11.4.0
Copyright (C) 2021 Free Software Foundation, Inc.
This is free software; see the source for copying conditions.  There is NO
warranty; not even for MERCHANTABILITY or FITNESS FOR A PARTICULAR PURPOSE.

configure:4226: $? = 0
configure:4215: gcc -v >&5
Using built-in specs.
COLLECT_GCC=gcc
COLLECT_LTO_WRAPPER=/usr/lib/gcc/x86_64-linux-gnu/11/lto-wrapper
OFFLOAD_TARGET_NAMES=nvptx-none:amdgcn-amdhsa
OFFLOAD_TARGET_DEFAULT=1
Target: x86_64-linux-gnu
Configured with: ../src/configure -v --with-pkgversion='Ubuntu 11.4.0-1ubuntu1~22.04' --with-bugurl=file:///usr/share/doc/gcc-11/README.Bugs --enable-languages=c,ada,c++,go,brig,d,fortran,objc,obj-c++,m2 --prefix=/usr --with-gcc-major-version-only --program-suffix=-11 --program-prefix=x86_64-linux-gnu- --enable-shared --enable-linker-build-id --libexecdir=/usr/lib --without-included-gettext --enable-threads=posix --libdir=/usr/lib --enable-nls --enable-bootstrap --enable-clocale=gnu --enable-libstdcxx-debug --enable-libstdcxx-time=yes --with-default-libstdcxx-abi=new --enable-gnu-unique-object --disable-vtable-verify --enable-plugin --enable-default-pie --with-system-zlib --enable-libphobos-checking=release --with-target-system-zlib=auto --enable-objc-gc=auto --enable-multiarch --disable-werror --enable-cet --with-arch-32=i686 --with-abi=m64 --with-multilib-list=m32,m64,mx32 --enable-multilib --with-tune=generic --enable-offload-targets=nvptx-none=/build/gcc-11-XeT9lY/gcc-11-11.4.0/debian/tmp-nvptx/usr,amdgcn-amdhsa=/build/gcc-11-XeT9lY/gcc-11-11.4.0/debian/tmp-gcn/usr --without-cuda-driver --enable-checking=release --build=x86_64-linux-gnu --host=x86_64-linux-gnu --target=x86_64-linux-gnu --with-build-config=bootstrap-lto-lean --enable-link-serialization=2
Thread model: posix
Supported LTO compression algorithms: zlib zstd
gcc version 11.4.0 (Ubuntu 11.4.0-1ubuntu1~22.04) 
... rest of stderr output deleted ...
configure:4226: $? = 0
configure:4215: gcc -V >&5
gcc: error: unrecognized command-line option '-V'
gcc: fatal error: no input files
compilation terminated.
configure:4226: $? = 1
configure:4215: gcc -qversion >&5
gcc: error: unrecognized command-line option '-qversion'; did you mean '--version'?
gcc: fatal error: no input files
compilation terminated.
configure:4226: $? = 1
configure:4230: checking whether we are using the GNU C compiler
configure:4258: result: yes
configure:4267: checking whether gcc accepts -g
configure:4328: result: yes
configure:4345: checking for gcc option to accept ISO C89
configure:4422: result: none needed
configure:4447: checking how to run the C preprocessor
configure:4478: gcc -E  conftest.c
configure:4478: $? = 0
configure:4492: gcc -E  conftest.c
conftest.c:11:10: fatal error: ac_nonexistent.h: No such file or directory
   11 | #include <ac_nonexistent.h>
      |          ^~~~~~~~~~~~~~~~~~
compilation terminated.
configure:4492: $? = 1
configure: failed program was:
| /* confdefs.h */
| #define PACKAGE_NAME "gas"
| #define PACKAGE_TARNAME "gas"
| #define PACKAGE_VERSION "2.26.1"
| #define PACKAGE_STRING "gas 2.26.1"
| #define PACKAGE_BUGREPORT ""
| #define PACKAGE_URL ""
| #define PACKAGE "gas"
| #define VERSION "2.26.1"
| /* end confdefs.h.  */
| #include <ac_nonexistent.h>
configure:4517: result: gcc -E
configure:4537: gcc -E  conftest.c
configure:4537: $? = 0
configure:4551: gcc -E  conftest.c
conftest.c:11:10: fatal error: ac_nonexistent.h: No such file or directory
   11 | #include <ac_nonexistent.h>
      |          ^~~~~~~~~~~~~~~~~~
compilation terminated.
configure:4551: $? = 1
configure: failed program was:
| /* confdefs.h */
| #define PACKAGE_NAME "gas"
| #define PACKAGE_TARNAME "gas"
| #define PACKAGE_VERSION "2.26.1"
| #define PACKAGE_STRING "gas 2.26.1"
| #define PACKAGE_BUGREPORT ""
| #define PACKAGE_URL ""
| #define PACKAGE "gas"
| #define VERSION "2.26.1"
| /* end confdefs.h.  */
| #include <ac_nonexistent.h>
configure:4580: checking for grep that handles long lines and -e
configure:4638: result: /usr/bin/grep
configure:4643: checking for egrep
configure:4705: result: /usr/bin/grep -E
configure:4710: checking for ANSI C header files
configure:4730: gcc -c -g -O2  conftest.c >&5
configure:4730: $? = 0
configure:4803: gcc -o conftest -g -O2  -static-libstdc++ -static-libgcc  conftest.c  >&5
configure:4803: $? = 0
configure:4803: ./conftest
configure:4803: $? = 0
configure:4814: result: yes
configure:4827: checking for sys/types.h
configure:4827: gcc -c -g -O2  conftest.c >&5
configure:4827: $? = 0
configure:4827: result: yes
configure:4827: checking for sys/stat.h
configure:4827: gcc -c -g -O2  conftest.c >&5
configure:4827: $? = 0
configure:4827: result: yes
configure:4827: checking for stdlib.h
configure:4827: gcc -c -g -O2  conftest.c >&5
configure:4827: $? = 0
configure:4827: result: yes
configure:4827: checking for string.h
configure:4827: gcc -c -g -O2  conftest.c >&5
configure:4827: $? = 0
configure:4827: result: yes
configure:4827: checking for memory.h
configure:4827: gcc -c -g -O2  conftest.c >&5
configure:4827: $? = 0
configure:4827: result: yes
configure:4827: checking for strings.h
configure:4827: gcc -c -g -O2  conftest.c >&5
configure:4827: $? = 0
configure:4827: result: yes
configure:4827: checking for inttypes.h
configure:4827: gcc -c -g -O2  conftest.c >&5
configure:4827: $? = 0
configure:4827: result: yes
configure:4827: checking for stdint.h
configure:4827: gcc -c -g -O2  conftest.c >&5
configure:4827: $? = 0
configure:4827: result: yes
configure:4827: checking for unistd.h
configure:4827: gcc -c -g -O2  conftest.c >&5
configure:4827: $? = 0
configure:4827: result: yes
configure:4841: checking minix/config.h usability
configure:4841: gcc -c -g -O2  conftest.c >&5
conftest.c:54:10: fatal error: minix/config.h: No such file or directory
   54 | #include <minix/config.h>
      |          ^~~~~~~~~~~~~~~~
compilation terminated.
configure:4841: $? = 1
configure: failed program was:
| /* confdefs.h */
| #define PACKAGE_NAME "gas"
| #define PACKAGE_TARNAME "gas"
| #define PACKAGE_VERSION "2.26.1"
| #define PACKAGE_STRING "gas 2.26.1"
| #define PACKAGE_BUGREPORT ""
| #define PACKAGE_URL ""
| #define PACKAGE "gas"
| #define VERSION "2.26.1"
| #define STDC_HEADERS 1
| #define HAVE_SYS_TYPES_H 1
| #define HAVE_SYS_STAT_H 1
| #define HAVE_STDLIB_H 1
| #define HAVE_STRING_H 1
| #define HAVE_MEMORY_H 1
| #define HAVE_STRINGS_H 1
| #define HAVE_INTTYPES_H 1
| #define HAVE_STDINT_H 1
| #define HAVE_UNISTD_H 1
| /* end confdefs.h.  */
| #include <stdio.h>
| #ifdef HAVE_SYS_TYPES_H
| # include <sys/types.h>
| #endif
| #ifdef HAVE_SYS_STAT_H
| # include <sys/stat.h>
| #endif
| #ifdef STDC_HEADERS
| # include <stdlib.h>
| # include <stddef.h>
| #else
| # ifdef HAVE_STDLIB_H
| #  include <stdlib.h>
| # endif
| #endif
| #ifdef HAVE_STRING_H
| # if !defined STDC_HEADERS && defined HAVE_MEMORY_H
| #  include <memory.h>
| # endif
| # include <string.h>
| #endif
| #ifdef HAVE_STRINGS_H
| # include <strings.h>
| #endif
| #ifdef HAVE_INTTYPES_H
| # include <inttypes.h>
| #endif
| #ifdef HAVE_STDINT_H
| # include <stdint.h>
| #endif
| #ifdef HAVE_UNISTD_H
| # include <unistd.h>
| #endif
| #include <minix/config.h>
configure:4841: result: no
configure:4841: checking minix/config.h presence
configure:4841: gcc -E  conftest.c
conftest.c:21:10: fatal error: minix/config.h: No such file or directory
   21 | #include <minix/config.h>
      |          ^~~~~~~~~~~~~~~~
compilation terminated.
configure:4841: $? = 1
configure: failed program was:
| /* confdefs.h */
| #define PACKAGE_NAME "gas"
| #define PACKAGE_TARNAME "gas"
| #define PACKAGE_VERSION "2.26.1"
| #define PACKAGE_STRING "gas 2.26.1"
| #define PACKAGE_BUGREPORT ""
| #define PACKAGE_URL ""
| #define PACKAGE "gas"
| #define VERSION "2.26.1"
| #define STDC_HEADERS 1
| #define HAVE_SYS_TYPES_H 1
| #define HAVE_SYS_STAT_H 1
| #define HAVE_STDLIB_H 1
| #define HAVE_STRING_H 1
| #define HAVE_MEMORY_H 1
| #define HAVE_STRINGS_H 1
| #define HAVE_INTTYPES_H 1
| #define HAVE_STDINT_H 1
| #define HAVE_UNISTD_H 1
| /* end confdefs.h.  */
| #include <minix/config.h>
configure:4841: result: no
configure:4841: checking for minix/config.h
configure:4841: result: no
configure:4862: checking whether it is safe to define __EXTENSIONS__
configure:4880: gcc -c -g -O2  conftest.c >&5
configure:4880: $? = 0
configure:4887: result: yes
configure:4950: checking how to print strings
configure:4977: result: printf
configure:4998: checking for a sed that does not truncate output
configure:5062: result: /usr/bin/sed
configure:5080: checking for fgrep
configure:5142: result: /usr/bin/grep -F
configure:5177: checking for ld used by gcc
configure:5244: result: ld
configure:5251: checking if the linker (ld) is GNU ld
configure:5266: result: yes
configure:5278: checking for BSD- or MS-compatible name lister (nm)
configure:5327: result: nm
configure:5457: checking the name lister (nm) interface
configure:5464: gcc -c -g -O2  conftest.c >&5
configure:5467: nm "conftest.o"
configure:5470: output
0000000000000000 B some_variable
configure:5477: result: BSD nm
configure:5480: checking whether ln -s works
configure:5484: result: yes
configure:5492: checking the maximum length of command line arguments
configure:5617: result: 1572864
configure:5634: checking whether the shell understands some XSI constructs
configure:5644: result: yes
configure:5648: checking whether the shell understands "+="
configure:5654: result: yes
configure:5689: checking for ld option to reload object files
configure:5696: result: -r
configure:5725: checking for x86_64-pc-linux-gnu-objdump
configure:5752: result: objdump
configure:5824: checking how to recognize dependent libraries
configure:6025: result: pass_all
configure:6045: checking for x86_64-pc-linux-gnu-ar
configure:6072: result: ar
configure:6150: checking for x86_64-pc-linux-gnu-strip
configure:6180: result: no
configure:6190: checking for strip
configure:6206: found /usr/bin/strip
configure:6217: result: strip
configure:6249: checking for x86_64-pc-linux-gnu-ranlib
configure:6276: result: ranlib
configure:6418: checking command to parse nm output from gcc object
configure:6536: gcc -c -g -O2  conftest.c >&5
configure:6539: $? = 0
configure:6543: nm conftest.o \| sed -n -e 's/^.*[ ]\([ABCDGIRSTW][ABCDGIRSTW]*\)[ ][ ]*\([_A-Za-z][_A-Za-z0-9]*\)$/\1 \2 \2/p' \> conftest.nm
configure:6546: $? = 0
configure:6600: gcc -o conftest -g -O2  -static-libstdc++ -static-libgcc  conftest.c conftstm.o >&5
configure:6603: $? = 0
configure:6641: result: ok
configure:6736: gcc -c -g -O2  conftest.c >&5
configure:6739: $? = 0
configure:7489: checking for dlfcn.h
configure:7489: gcc -c -g -O2  conftest.c >&5
configure:7489: $? = 0
configure:7489: result: yes
configure:7676: checking for objdir
configure:7691: result: .libs
configure:7962: checking if gcc supports -fno-rtti -fno-exceptions
configure:7980: gcc -c -g -O2  -fno-rtti -fno-exceptions conftest.c >&5
cc1: warning: command-line option '-fno-rtti' is valid for C++/D/ObjC++ but not for C
configure:7984: $? = 0
configure:7997: result: no
configure:8017: checking for gcc option to produce PIC
configure:8303: result: -fPIC -DPIC
configure:8315: checking if gcc PIC flag -fPIC -DPIC works
configure:8333: gcc -c -g -O2  -fPIC -DPIC -DPIC conftest.c >&5
configure:8337: $? = 0
configure:8350: result: yes
configure:8374: checking if gcc static flag -static works
configure:8402: result: yes
configure:8417: checking if gcc supports -c -o file.o
configure:8438: gcc -c -g -O2  -o out/conftest2.o conftest.c >&5
configure:8442: $? = 0
configure:8464: result: yes
configure:8472: checking if gcc supports -c -o file.o
configure:8519: result: yes
configure:8552: checking whether the gcc linker (ld -m elf_x86_64) supports shared libraries
configure:9623: result: yes
configure:9660: checking whether -lc should be explicitly linked in
configure:9668: gcc -c -g -O2  conftest.c >&5
configure:9671: $? = 0
configure:9686: gcc -shared  -fPIC -DPIC conftest.o  -v -Wl,-soname -Wl,conftest -o conftest 2\>\&1 \| /usr/bin/grep  -lc  \>/dev/null 2\>\&1
configure:9689: $? = 0
configure:9703: result: no
configure:9868: checking dynamic linker characteristics
configure:10319: gcc -o conftest -g -O2  -static-libstdc++ -static-libgcc  -Wl,-rpath -Wl,/foo conftest.c  >&5
configure:10319: $? = 0
configure:10541: result: GNU/Linux ld.so
configure:10648: checking how to hardcode library paths into programs
configure:10673: result: immediate
configure:11213: checking whether stripping libraries is possible
configure:11218: result: yes
configure:11253: checking if libtool supports shared libraries
configure:11255: result: yes
configure:11258: checking whether to build shared libraries
configure:11279: result: yes
configure:11282: checking whether to build static libraries
configure:11286: result: yes
configure:11334: checking for dlfcn.h
configure:11334: result: yes
configure:11347: checking for windows.h
configure:11347: gcc -c -g -O2  conftest.c >&5
conftest.c:63:10: fatal error: windows.h: No such file or directory
   63 | #include <windows.h>
      |          ^~~~~~~~~~~
compilation terminated.
configure:11347: $? = 1
configure: failed program was:
| /* confdefs.h */
| #define PACKAGE_NAME "gas"
| #define PACKAGE_TARNAME "gas"
| #define PACKAGE_VERSION "2.26.1"
| #define PACKAGE_STRING "gas 2.26.1"
| #define PACKAGE_BUGREPORT ""
| #define PACKAGE_URL ""
| #define PACKAGE "gas"
| #define VERSION "2.26.1"
| #define STDC_HEADERS 1
| #define HAVE_SYS_TYPES_H 1
| #define HAVE_SYS_STAT_H 1
| #define HAVE_STDLIB_H 1
| #define HAVE_STRING_H 1
| #define HAVE_MEMORY_H 1
| #define HAVE_STRINGS_H 1
| #define HAVE_INTTYPES_H 1
| #define HAVE_STDINT_H 1
| #define HAVE_UNISTD_H 1
| #define __EXTENSIONS__ 1
| #define _ALL_SOURCE 1
| #define _GNU_SOURCE 1
| #define _POSIX_PTHREAD_SEMANTICS 1
| #define _TANDEM_SOURCE 1
| #define HAVE_DLFCN_H 1
| #define LT_OBJDIR ".libs/"
| #define HAVE_DLFCN_H 1
| /* end confdefs.h.  */
| #include <stdio.h>
| #ifdef HAVE_SYS_TYPES_H
| # include <sys/types.h>
| #endif
| #ifdef HAVE_SYS_STAT_H
| # include <sys/stat.h>
| #endif
| #ifdef STDC_HEADERS
| # include <stdlib.h>
| # include <stddef.h>
| #else
| # ifdef HAVE_STDLIB_H
| #  include <stdlib.h>
| # endif
| #endif
| #ifdef HAVE_STRING_H
| # if !defined STDC_HEADERS && defined HAVE_MEMORY_H
| #  include <memory.h>
| # endif
| # include <string.h>
| #endif
| #ifdef HAVE_STRINGS_H
| # include <strings.h>
| #endif
| #ifdef HAVE_INTTYPES_H
| # include <inttypes.h>
| #endif
| #ifdef HAVE_STDINT_H
| # include <stdint.h>
| #endif
| #ifdef HAVE_UNISTD_H
| # include <unistd.h>
| #endif
| 
| #include <windows.h>
configure:11347: result: no
configure:11374: checking for library containing dlopen
configure:11405: gcc -o conftest -g -O2  -static-libstdc++ -static-libgcc  conftest.c  >&5
configure:11405: $? = 0
configure:11422: result: none required
configure:11453: checking for special C compiler options needed for large files
configure:11498: result: no
configure:11504: checking for _FILE_OFFSET_BITS value needed for large files
configure:11529: gcc -c -g -O2  conftest.c >&5
configure:11529: $? = 0
configure:11561: result: no
configure:11800: checking whether byte ordering is bigendian
configure:11815: gcc -c -g -O2  conftest.c >&5
conftest.c:31:16: error: unknown type name 'not'
   31 |                not a universal capable compiler
      |                ^~~
conftest.c:31:22: error: expected '=', ',', ';', 'asm' or '__attribute__' before 'universal'
   31 |                not a universal capable compiler
      |                      ^~~~~~~~~
conftest.c:31:22: error: unknown type name 'universal'
configure:11815: $? = 1
configure: failed program was:
| /* confdefs.h */
| #define PACKAGE_NAME "gas"
| #define PACKAGE_TARNAME "gas"
| #define PACKAGE_VERSION "2.26.1"
| #define PACKAGE_STRING "gas 2.26.1"
| #define PACKAGE_BUGREPORT ""
| #define PACKAGE_URL ""
| #define PACKAGE "gas"
| #define VERSION "2.26.1"
| #define STDC_HEADERS 1
| #define HAVE_SYS_TYPES_H 1
| #define HAVE_SYS_STAT_H 1
| #define HAVE_STDLIB_H 1
| #define HAVE_STRING_H 1
| #define HAVE_MEMORY_H 1
| #define HAVE_STRINGS_H 1
| #define HAVE_INTTYPES_H 1
| #define HAVE_STDINT_H 1
| #define HAVE_UNISTD_H 1
| #define __EXTENSIONS__ 1
| #define _ALL_SOURCE 1
| #define _GNU_SOURCE 1
| #define _POSIX_PTHREAD_SEMANTICS 1
| #define _TANDEM_SOURCE 1
| #define HAVE_DLFCN_H 1
| #define LT_OBJDIR ".libs/"
| #define HAVE_DLFCN_H 1
| #define ENABLE_CHECKING 1
| /* end confdefs.h.  */
| #ifndef __APPLE_CC__
| 	       not a universal capable compiler
| 	     #endif
| 	     typedef int dummy;
| 
configure:11860: gcc -c -g -O2  conftest.c >&5
configure:11860: $? = 0
configure:11878: gcc -c -g -O2  conftest.c >&5
conftest.c: In function 'main':
conftest.c:37:18: error: unknown type name 'not'; did you mean 'ino_t'?
   37 |                  not big endian
      |                  ^~~
      |                  ino_t
conftest.c:37:26: error: expected '=', ',', ';', 'asm' or '__attribute__' before 'endian'
   37 |                  not big endian
      |                          ^~~~~~
configure:11878: $? = 1
configure: failed program was:
| /* confdefs.h */
| #define PACKAGE_NAME "gas"
| #define PACKAGE_TARNAME "gas"
| #define PACKAGE_VERSION "2.26.1"
| #define PACKAGE_STRING "gas 2.26.1"
| #define PACKAGE_BUGREPORT ""
| #define PACKAGE_URL ""
| #define PACKAGE "gas"
| #define VERSION "2.26.1"
| #define STDC_HEADERS 1
| #define HAVE_SYS_TYPES_H 1
| #define HAVE_SYS_STAT_H 1
| #define HAVE_STDLIB_H 1
| #define HAVE_STRING_H 1
| #define HAVE_MEMORY_H 1
| #define HAVE_STRINGS_H 1
| #define HAVE_INTTYPES_H 1
| #define HAVE_STDINT_H 1
| #define HAVE_UNISTD_H 1
| #define __EXTENSIONS__ 1
| #define _ALL_SOURCE 1
| #define _GNU_SOURCE 1
| #define _POSIX_PTHREAD_SEMANTICS 1
| #define _TANDEM_SOURCE 1
| #define HAVE_DLFCN_H 1
| #define LT_OBJDIR ".libs/"
| #define HAVE_DLFCN_H 1
| #define ENABLE_CHECKING 1
| /* end confdefs.h.  */
| #include <sys/types.h>
| 		#include <sys/param.h>
| 
| int
| main ()
| {
| #if BYTE_ORDER != BIG_ENDIAN
| 		 not big endian
| 		#endif
| 
|   ;
|   return 0;
| }
configure:12006: result: no
configure:12114: WARNING: GAS support for i860-stardent-sysv4 is preliminary and a work in progress
configure:12817: checking for bison
configure:12844: result: /tmp/binutils-2.26.1/missing bison -y
configure:12860: checking for flex
configure:12887: result: /tmp/binutils-2.26.1/missing flex
configure:13032: checking whether NLS is requested
configure:13038: result: yes
configure:13044: checking for catalogs to be installed
configure:13076: result:  es fi fr id ja ru rw tr uk zh_CN es fi fr id ja ru rw tr uk zh_CN
configure:13103: checking whether NLS is requested
configure:13112: result: yes
configure:13150: checking for msgfmt
configure:13184: result: no
configure:13190: checking for gmsgfmt
configure:13221: result: :
configure:13261: checking for xgettext
configure:13295: result: no
configure:13332: checking for msgmerge
configure:13365: result: no
configure:13399: checking whether to enable maintainer-specific portions of Makefiles
configure:13408: result: no
configure:13434: checking for string.h
configure:13434: result: yes
configure:13434: checking for stdlib.h
configure:13434: result: yes
configure:13434: checking for memory.h
configure:13434: result: yes
configure:13434: checking for strings.h
configure:13434: result: yes
configure:13434: checking for unistd.h
configure:13434: result: yes
configure:13434: checking errno.h usability
configure:13434: gcc -c -g -O2  conftest.c >&5
configure:13434: $? = 0
configure:13434: result: yes
configure:13434: checking errno.h presence
configure:13434: gcc -E  conftest.c
configure:13434: $? = 0
configure:13434: result: yes
configure:13434: checking for errno.h
configure:13434: result: yes
configure:13434: checking for sys/types.h
configure:13434: result: yes
configure:13434: checking limits.h usability
configure:13434: gcc -c -g -O2  conftest.c >&5
configure:13434: $? = 0
configure:13434: result: yes
configure:13434: checking limits.h presence
configure:13434: gcc -E  conftest.c
configure:13434: $? = 0
configure:13434: result: yes
configure:13434: checking for limits.h
configure:13434: result: yes
configure:13434: checking locale.h usability
configure:13434: gcc -c -g -O2  conftest.c >&5
configure:13434: $? = 0
configure:13434: result: yes
configure:13434: checking locale.h presence
configure:13434: gcc -E  conftest.c
configure:13434: $? = 0
configure:13434: result: yes
configure:13434: checking for locale.h
configure:13434: result: yes
configure:13434: checking time.h usability
configure:13434: gcc -c -g -O2  conftest.c >&5
configure:13434: $? = 0
configure:13434: result: yes
configure:13434: checking time.h presence
configure:13434: gcc -E  conftest.c
configure:13434: $? = 0
configure:13434: result: yes
configure:13434: checking for time.h
configure:13434: result: yes
configure:13434: checking for sys/stat.h
configure:13434: result: yes
configure:13445: checking whether string.h and strings.h may both be included
configure:13462: gcc -c -g -O2  conftest.c >&5
configure:13462: $? = 0
configure:13469: result: yes
configure:13480: checking whether compiling a cross-assembler
configure:13490: result: yes
configure:13495: checking for working alloca.h
configure:13512: gcc -o conftest -g -O2  -static-libstdc++ -static-libgcc  conftest.c  >&5
configure:13512: $? = 0
configure:13520: result: yes
configure:13528: checking for alloca
configure:13565: gcc -o conftest -g -O2  -static-libstdc++ -static-libgcc  conftest.c  >&5
configure:13565: $? = 0
configure:13573: result: yes
configure:13683: checking for inline
configure:13699: gcc -c -g -O2  conftest.c >&5
configure:13699: $? = 0
configure:13707: result: inline
configure:13730: checking for unlink
configure:13730: gcc -o conftest -g -O2  -static-libstdc++ -static-libgcc  conftest.c  >&5
configure:13730: $? = 0
configure:13730: result: yes
configure:13743: checking for sbrk
configure:13743: gcc -o conftest -g -O2  -static-libstdc++ -static-libgcc  conftest.c  >&5
configure:13743: $? = 0
configure:13743: result: yes
configure:13743: checking for setlocale
configure:13743: gcc -o conftest -g -O2  -static-libstdc++ -static-libgcc  conftest.c  >&5
configure:13743: $? = 0
configure:13743: result: yes
configure:13755: checking for LC_MESSAGES
configure:13771: gcc -o conftest -g -O2  -static-libstdc++ -static-libgcc  conftest.c  >&5
configure:13771: $? = 0
configure:13779: result: yes
configure:13930: checking for working assert macro
configure:13955: gcc -o conftest -g -O2  -static-libstdc++ -static-libgcc  conftest.c  >&5
In file included from conftest.c:59:
conftest.c: In function 'main':
conftest.c:68:10: warning: implicit declaration of function 'strcmp' [-Wimplicit-function-declaration]
   68 | assert (!strcmp(s, "foo bar baz quux"));
      |          ^~~~~~
conftest.c:61:1: note: include '<string.h>' or provide a declaration of 'strcmp'
   60 | #include <stdio.h>
   61 | int
In file included from conftest.c:59:
conftest.c:68:10: warning: argument 1 null where non-null expected [-Wnonnull]
   68 | assert (!strcmp(s, "foo bar baz quux"));
      |          ^~~~~~~~~~~~~~~~~~~~~~~~~~~~~
conftest.c:68:10: note: in a call to built-in function 'strcmp'
configure:13955: $? = 0
configure:13963: result: yes
configure:13995: checking whether declaration is required for errno
configure:14019: gcc -o conftest -g -O2  -static-libstdc++ -static-libgcc  conftest.c  >&5
configure:14019: $? = 0
configure:14027: result: no
configure:14036: checking for a known getopt prototype in unistd.h
configure:14052: gcc -c -g -O2  conftest.c >&5
configure:14052: $? = 0
configure:14060: result: yes
configure:14069: checking whether declaration is required for environ
configure:14089: gcc -o conftest -g -O2  -static-libstdc++ -static-libgcc  conftest.c  >&5
configure:14089: $? = 0
configure:14097: result: no
configure:14106: checking whether declaration is required for ffs
configure:14126: gcc -o conftest -g -O2  -static-libstdc++ -static-libgcc  conftest.c  >&5
configure:14126: $? = 0
configure:14134: result: no
configure:14143: checking whether declaration is required for free
configure:14163: gcc -o conftest -g -O2  -static-libstdc++ -static-libgcc  conftest.c  >&5
configure:14163: $? = 0
configure:14171: result: no
configure:14180: checking whether declaration is required for malloc
configure:14200: gcc -o conftest -g -O2  -static-libstdc++ -static-libgcc  conftest.c  >&5
configure:14200: $? = 0
configure:14208: result: no
configure:14217: checking whether declaration is required for sbrk
configure:14237: gcc -o conftest -g -O2  -static-libstdc++ -static-libgcc  conftest.c  >&5
configure:14237: $? = 0
configure:14245: result: no
configure:14254: checking whether declaration is required for strstr
configure:14274: gcc -o conftest -g -O2  -static-libstdc++ -static-libgcc  conftest.c  >&5
configure:14274: $? = 0
configure:14282: result: no
configure:14291: checking whether free is declared
configure:14291: gcc -c -g -O2  conftest.c >&5
configure:14291: $? = 0
configure:14291: result: yes
configure:14301: checking whether getenv is declared
configure:14301: gcc -c -g -O2  conftest.c >&5
configure:14301: $? = 0
configure:14301: result: yes
configure:14311: checking whether malloc is declared
configure:14311: gcc -c -g -O2  conftest.c >&5
configure:14311: $? = 0
configure:14311: result: yes
configure:14321: checking whether mempcpy is declared
configure:14321: gcc -c -g -O2  conftest.c >&5
configure:14321: $? = 0
configure:14321: result: yes
configure:14331: checking whether realloc is declared
configure:14331: gcc -c -g -O2  conftest.c >&5
configure:14331: $? = 0
configure:14331: result: yes
configure:14341: checking whether stpcpy is declared
configure:14341: gcc -c -g -O2  conftest.c >&5
configure:14341: $? = 0
configure:14341: result: yes
configure:14351: checking whether strstr is declared
configure:14351: gcc -c -g -O2  conftest.c >&5
configure:14351: $? = 0
configure:14351: result: yes
configure:14361: checking whether vsnprintf is declared
configure:14361: gcc -c -g -O2  conftest.c >&5
configure:14361: $? = 0
configure:14361: result: yes
configure:14371: checking whether asprintf is declared
configure:14371: gcc -c -g -O2  conftest.c >&5
configure:14371: $? = 0
configure:14371: result: yes
configure:14413: checking for struct tm.tm_gmtoff in time.h
configure:14431: gcc -c -g -O2  conftest.c >&5
In file included from /usr/include/time.h:25,
                 from conftest.c:71:
/usr/include/features.h:194:3: warning: #warning "_BSD_SOURCE and _SVID_SOURCE are deprecated, use _DEFAULT_SOURCE" [-Wcpp]
  194 | # warning "_BSD_SOURCE and _SVID_SOURCE are deprecated, use _DEFAULT_SOURCE"
      |   ^~~~~~~
configure:14431: $? = 0
configure:14445: result: yes
configure:14451: checking for struct stat.st_mtim.tv_sec in sys/stat.h
configure:14469: gcc -c -g -O2  conftest.c >&5
In file included from /usr/include/x86_64-linux-gnu/sys/stat.h:25,
                 from conftest.c:72:
/usr/include/features.h:194:3: warning: #warning "_BSD_SOURCE and _SVID_SOURCE are deprecated, use _DEFAULT_SOURCE" [-Wcpp]
  194 | # warning "_BSD_SOURCE and _SVID_SOURCE are deprecated, use _DEFAULT_SOURCE"
      |   ^~~~~~~
configure:14469: $? = 0
configure:14483: result: yes
configure:14486: checking for struct stat.st_mtim.tv_nsec in sys/stat.h
configure:14504: gcc -c -g -O2  conftest.c >&5
In file included from /usr/include/x86_64-linux-gnu/sys/stat.h:25,
                 from conftest.c:73:
/usr/include/features.h:194:3: warning: #warning "_BSD_SOURCE and _SVID_SOURCE are deprecated, use _DEFAULT_SOURCE" [-Wcpp]
  194 | # warning "_BSD_SOURCE and _SVID_SOURCE are deprecated, use _DEFAULT_SOURCE"
      |   ^~~~~~~
configure:14504: $? = 0
configure:14518: result: yes
configure:14593: updating cache ./config.cache
configure:14655: creating ./config.status

## ---------------------- ##
## Running config.status. ##
## ---------------------- ##

This file was extended by gas config.status 2.26.1, which was
generated by GNU Autoconf 2.64.  Invocation command line was

  CONFIG_FILES    = 
  CONFIG_HEADERS  = 
  CONFIG_LINKS    = 
  CONFIG_COMMANDS = 
  $ ./config.status 

on msi790

config.status:1171: creating .gdbinit
config.status:1171: creating Makefile
config.status:1171: creating doc/Makefile
config.status:1171: creating po/Makefile.in
config.status:1171: creating config.h
config.status:1391: executing depfiles commands
config.status:1391: executing libtool commands
config.status:1391: executing default-1 commands
config.status:1391: executing default commands

## ---------------- ##
## Cache variables. ##
## ---------------- ##

ac_cv_build=x86_64-pc-linux-gnu
ac_cv_c_bigendian=no
ac_cv_c_compiler_gnu=yes
ac_cv_c_inline=inline
ac_cv_env_CC_set=set
ac_cv_env_CC_value=gcc
ac_cv_env_CFLAGS_set=set
ac_cv_env_CFLAGS_value='-g -O2'
ac_cv_env_CPPFLAGS_set=
ac_cv_env_CPPFLAGS_value=
ac_cv_env_CPP_set=
ac_cv_env_CPP_value=
ac_cv_env_LDFLAGS_set=set
ac_cv_env_LDFLAGS_value='-static-libstdc++ -static-libgcc '
ac_cv_env_LIBS_set=
ac_cv_env_LIBS_value=
ac_cv_env_YACC_set=set
ac_cv_env_YACC_value='/tmp/binutils-2.26.1/missing bison -y'
ac_cv_env_YFLAGS_set=
ac_cv_env_YFLAGS_value=
ac_cv_env_build_alias_set=set
ac_cv_env_build_alias_value=x86_64-pc-linux-gnu
ac_cv_env_host_alias_set=set
ac_cv_env_host_alias_value=x86_64-pc-linux-gnu
ac_cv_env_target_alias_set=set
ac_cv_env_target_alias_value=i860-stardent-sysv4
ac_cv_func_alloca_works=yes
ac_cv_func_sbrk=yes
ac_cv_func_setlocale=yes
ac_cv_func_unlink=yes
ac_cv_have_decl_asprintf=yes
ac_cv_have_decl_free=yes
ac_cv_have_decl_getenv=yes
ac_cv_have_decl_malloc=yes
ac_cv_have_decl_mempcpy=yes
ac_cv_have_decl_realloc=yes
ac_cv_have_decl_stpcpy=yes
ac_cv_have_decl_strstr=yes
ac_cv_have_decl_vsnprintf=yes
ac_cv_header_dlfcn_h=yes
ac_cv_header_errno_h=yes
ac_cv_header_inttypes_h=yes
ac_cv_header_limits_h=yes
ac_cv_header_locale_h=yes
ac_cv_header_memory_h=yes
ac_cv_header_minix_config_h=no
ac_cv_header_stdc=yes
ac_cv_header_stdint_h=yes
ac_cv_header_stdlib_h=yes
ac_cv_header_string_h=yes
ac_cv_header_strings_h=yes
ac_cv_header_sys_stat_h=yes
ac_cv_header_sys_types_h=yes
ac_cv_header_time_h=yes
ac_cv_header_unistd_h=yes
ac_cv_header_windows_h=no
ac_cv_host=x86_64-pc-linux-gnu
ac_cv_objext=o
ac_cv_path_EGREP='/usr/bin/grep -E'
ac_cv_path_FGREP='/usr/bin/grep -F'
ac_cv_path_GMSGFMT=:
ac_cv_path_GREP=/usr/bin/grep
ac_cv_path_MSGFMT=:
ac_cv_path_MSGMERGE=:
ac_cv_path_SED=/usr/bin/sed
ac_cv_path_XGETTEXT=:
ac_cv_path_mkdir=/usr/bin/mkdir
ac_cv_prog_AR=ar
ac_cv_prog_AWK=mawk
ac_cv_prog_CC=gcc
ac_cv_prog_CPP='gcc -E'
ac_cv_prog_LEX='/tmp/binutils-2.26.1/missing flex'
ac_cv_prog_OBJDUMP=objdump
ac_cv_prog_RANLIB=ranlib
ac_cv_prog_YACC='/tmp/binutils-2.26.1/missing bison -y'
ac_cv_prog_ac_ct_STRIP=strip
ac_cv_prog_cc_c89=
ac_cv_prog_cc_g=yes
ac_cv_prog_make_make_set=yes
ac_cv_safe_to_define___extensions__=yes
ac_cv_search_dlopen='none required'
ac_cv_search_strerror='none required'
ac_cv_sys_file_offset_bits=no
ac_cv_sys_largefile_CC=no
ac_cv_target=i860-stardent-sysv4
ac_cv_working_alloca_h=yes
am_cv_CC_dependencies_compiler_type=gcc3
am_cv_val_LC_MESSAGES=yes
gas_cv_assert_ok=yes
gas_cv_decl_getopt_unistd_h=yes
gas_cv_decl_needed_environ=no
gas_cv_decl_needed_errno=no
gas_cv_decl_needed_ffs=no
gas_cv_decl_needed_free=no
gas_cv_decl_needed_malloc=no
gas_cv_decl_needed_sbrk=no
gas_cv_decl_needed_strstr=no
gas_cv_have_sys_stat_type_member_st_mtim_tv_nsec=yes
gas_cv_have_sys_stat_type_member_st_mtim_tv_sec=yes
gas_cv_have_time_type_member_tm_gmtoff=yes
gcc_cv_header_string=yes
lt_cv_archive_cmds_need_lc=no
lt_cv_deplibs_check_method=pass_all
lt_cv_file_magic_cmd='$MAGIC_CMD'
lt_cv_file_magic_test_file=
lt_cv_ld_reload_flag=-r
lt_cv_nm_interface='BSD nm'
lt_cv_objdir=.libs
lt_cv_path_LD=ld
lt_cv_path_NM=nm
lt_cv_prog_compiler_c_o=yes
lt_cv_prog_compiler_pic_works=yes
lt_cv_prog_compiler_rtti_exceptions=no
lt_cv_prog_compiler_static_works=yes
lt_cv_prog_gnu_ld=yes
lt_cv_shlibpath_overrides_runpath=yes
lt_cv_sys_global_symbol_pipe='sed -n -e '\''s/^.*[	 ]\([ABCDGIRSTW][ABCDGIRSTW]*\)[	 ][	 ]*\([_A-Za-z][_A-Za-z0-9]*\)$/\1 \2 \2/p'\'''
lt_cv_sys_global_symbol_to_c_name_address='sed -n -e '\''s/^: \([^ ]*\) $/  {\"\1\", (void *) 0},/p'\'' -e '\''s/^[ABCDGIRSTW]* \([^ ]*\) \([^ ]*\)$/  {"\2", (void *) \&\2},/p'\'''
lt_cv_sys_global_symbol_to_c_name_address_lib_prefix='sed -n -e '\''s/^: \([^ ]*\) $/  {\"\1\", (void *) 0},/p'\'' -e '\''s/^[ABCDGIRSTW]* \([^ ]*\) \(lib[^ ]*\)$/  {"\2", (void *) \&\2},/p'\'' -e '\''s/^[ABCDGIRSTW]* \([^ ]*\) \([^ ]*\)$/  {"lib\2", (void *) \&\2},/p'\'''
lt_cv_sys_global_symbol_to_cdecl='sed -n -e '\''s/^T .* \(.*\)$/extern int \1();/p'\'' -e '\''s/^[ABCDGIRSTW]* .* \(.*\)$/extern char \1;/p'\'''
lt_cv_sys_max_cmd_len=1572864

## ----------------- ##
## Output variables. ##
## ----------------- ##

ACLOCAL='${SHELL} /tmp/binutils-2.26.1/missing --run aclocal-1.11'
ALLOCA=''
AMDEPBACKSLASH='\'
AMDEP_FALSE='#'
AMDEP_TRUE=''
AMTAR='${SHELL} /tmp/binutils-2.26.1/missing --run tar'
AR='ar'
AUTOCONF='${SHELL} /tmp/binutils-2.26.1/missing --run autoconf'
AUTOHEADER='${SHELL} /tmp/binutils-2.26.1/missing --run autoheader'
AUTOMAKE='${SHELL} /tmp/binutils-2.26.1/missing --run automake-1.11'
AWK='mawk'
CATALOGS=' es.gmo fi.gmo fr.gmo id.gmo ja.gmo ru.gmo rw.gmo tr.gmo uk.gmo zh_CN.gmo es.gmo fi.gmo fr.gmo id.gmo ja.gmo ru.gmo rw.gmo tr.gmo uk.gmo zh_CN.gmo'
CATOBJEXT='.gmo'
CC='gcc'
CCDEPMODE='depmode=gcc3'
CFLAGS='-g -O2'
CPP='gcc -E'
CPPFLAGS=''
CYGPATH_W='echo'
DATADIRNAME='share'
DEFS='-DHAVE_CONFIG_H'
DEPDIR='.deps'
DSYMUTIL=''
DUMPBIN=''
ECHO_C=''
ECHO_N='-n'
ECHO_T=''
EGREP='/usr/bin/grep -E'
EXEEXT=''
FGREP='/usr/bin/grep -F'
GDBINIT='.gdbinit'
GENCAT='gencat'
GENINSRC_NEVER_FALSE=''
GENINSRC_NEVER_TRUE='#'
GMSGFMT=':'
GREP='/usr/bin/grep'
INCINTL=''
INSTALL_DATA='/usr/bin/install -c -m 644'
INSTALL_PROGRAM='/usr/bin/install -c'
INSTALL_SCRIPT='/usr/bin/install -c'
INSTALL_STRIP_PROGRAM='$(install_sh) -c -s'
INSTOBJEXT='.mo'
LD='ld -m elf_x86_64'
LDFLAGS='-static-libstdc++ -static-libgcc '
LEX='/tmp/binutils-2.26.1/missing flex'
LEXLIB=''
LEX_OUTPUT_ROOT=''
LIBINTL=''
LIBINTL_DEP=''
LIBM=''
LIBOBJS=''
LIBS=''
LIBTOOL='$(SHELL) $(top_builddir)/libtool'
LIPO=''
LN_S='ln -s'
LTLIBOBJS=''
MAINT='#'
MAINTAINER_MODE_FALSE=''
MAINTAINER_MODE_TRUE='#'
MAKEINFO='/tmp/binutils-2.26.1/missing makeinfo --split-size=5000000'
MKDIR_P='/usr/bin/mkdir -p'
MKINSTALLDIRS='$(top_builddir)/../mkinstalldirs'
MSGFMT=':'
MSGMERGE=':'
NM='nm'
NMEDIT=''
NO_WERROR=''
OBJDUMP='objdump'
OBJEXT='o'
OPCODES_LIB='../opcodes/libopcodes.la'
OTOOL64=''
OTOOL=''
PACKAGE='gas'
PACKAGE_BUGREPORT=''
PACKAGE_NAME='gas'
PACKAGE_STRING='gas 2.26.1'
PACKAGE_TARNAME='gas'
PACKAGE_URL=''
PACKAGE_VERSION='2.26.1'
PATH_SEPARATOR=':'
POSUB='po'
RANLIB='ranlib'
SED='/usr/bin/sed'
SET_MAKE=''
SHELL='/bin/bash'
STRIP='strip'
USE_NLS='yes'
VERSION='2.26.1'
WARN_CFLAGS='-W -Wall -Wstrict-prototypes -Wmissing-prototypes -Wshadow'
XGETTEXT=':'
YACC='/tmp/binutils-2.26.1/missing bison -y'
YFLAGS=''
ac_ct_CC=''
ac_ct_DUMPBIN=''
am__EXEEXT_FALSE=''
am__EXEEXT_TRUE='#'
am__fastdepCC_FALSE='#'
am__fastdepCC_TRUE=''
am__include='include'
am__isrc=''
am__leading_dot='.'
am__quote=''
am__tar='${AMTAR} chof - "$$tardir"'
am__untar='${AMTAR} xf -'
atof='ieee'
bindir='${exec_prefix}/bin'
build='x86_64-pc-linux-gnu'
build_alias='x86_64-pc-linux-gnu'
build_cpu='x86_64'
build_os='linux-gnu'
build_vendor='pc'
cgen_cpu_prefix=''
datadir='${datarootdir}'
datarootdir='${prefix}/share'
docdir='${datarootdir}/doc/${PACKAGE_TARNAME}'
dvidir='${docdir}'
exec_prefix='${prefix}'
extra_objects=''
host='x86_64-pc-linux-gnu'
host_alias='x86_64-pc-linux-gnu'
host_cpu='x86_64'
host_os='linux-gnu'
host_vendor='pc'
htmldir='${docdir}'
includedir='${prefix}/include'
infodir='${datarootdir}/info'
install_sh='${SHELL} /tmp/binutils-2.26.1/install-sh'
install_tooldir='install-exec-tooldir'
libdir='${exec_prefix}/lib'
libexecdir='${exec_prefix}/libexec'
localedir='${datarootdir}/locale'
localstatedir='${prefix}/var'
mandir='${datarootdir}/man'
mkdir_p='/usr/bin/mkdir -p'
obj_format='elf'
oldincludedir='/usr/include'
pdfdir='${docdir}'
prefix='/opt/i860'
program_transform_name='s&^&i860-stardent-sysv4-&'
psdir='${docdir}'
sbindir='${exec_prefix}/sbin'
sharedstatedir='${prefix}/com'
sysconfdir='${prefix}/etc'
target='i860-stardent-sysv4'
target_alias='i860-stardent-sysv4'
target_cpu='i860'
target_cpu_type='i860'
target_os='sysv4'
target_vendor='stardent'
te_file='generic'
zlibdir='-L$(top_builddir)/../zlib'
zlibinc='-I$(top_srcdir)/../zlib'

## ----------- ##
## confdefs.h. ##
## ----------- ##

/* confdefs.h */
#define PACKAGE_NAME "gas"
#define PACKAGE_TARNAME "gas"
#define PACKAGE_VERSION "2.26.1"
#define PACKAGE_STRING "gas 2.26.1"
#define PACKAGE_BUGREPORT ""
#define PACKAGE_URL ""
#define PACKAGE "gas"
#define VERSION "2.26.1"
#define STDC_HEADERS 1
#define HAVE_SYS_TYPES_H 1
#define HAVE_SYS_STAT_H 1
#define HAVE_STDLIB_H 1
#define HAVE_STRING_H 1
#define HAVE_MEMORY_H 1
#define HAVE_STRINGS_H 1
#define HAVE_INTTYPES_H 1
#define HAVE_STDINT_H 1
#define HAVE_UNISTD_H 1
#define __EXTENSIONS__ 1
#define _ALL_SOURCE 1
#define _GNU_SOURCE 1
#define _POSIX_PTHREAD_SEMANTICS 1
#define _TANDEM_SOURCE 1
#define HAVE_DLFCN_H 1
#define LT_OBJDIR ".libs/"
#define HAVE_DLFCN_H 1
#define ENABLE_CHECKING 1
#define TARGET_BYTES_BIG_ENDIAN 0
#define DEFAULT_GENERATE_X86_RELAX_RELOCATIONS 1
#define EMULATIONS 
#define DEFAULT_EMULATION ""
#define TARGET_ALIAS "i860-stardent-sysv4"
#define TARGET_CANONICAL "i860-stardent-sysv4"
#define TARGET_CPU "i860"
#define TARGET_VENDOR "stardent"
#define TARGET_OS "sysv4"
#define ENABLE_NLS 1
#define HAVE_STRING_H 1
#define HAVE_STDLIB_H 1
#define HAVE_MEMORY_H 1
#define HAVE_STRINGS_H 1
#define HAVE_UNISTD_H 1
#define HAVE_ERRNO_H 1
#define HAVE_SYS_TYPES_H 1
#define HAVE_LIMITS_H 1
#define HAVE_LOCALE_H 1
#define HAVE_TIME_H 1
#define HAVE_SYS_STAT_H 1
#define STRING_WITH_STRINGS 1
#define CROSS_COMPILE 1
#define HAVE_ALLOCA_H 1
#define HAVE_ALLOCA 1
#define HAVE_UNLINK 1
#define HAVE_SBRK 1
#define HAVE_SETLOCALE 1
#define HAVE_LC_MESSAGES 1
#define HAVE_DECL_GETOPT 1
#define HAVE_DECL_FREE 1
#define HAVE_DECL_GETENV 1
#define HAVE_DECL_MALLOC 1
#define HAVE_DECL_MEMPCPY 1
#define HAVE_DECL_REALLOC 1
#define HAVE_DECL_STPCPY 1
#define HAVE_DECL_STRSTR 1
#define HAVE_DECL_VSNPRINTF 1
#define HAVE_DECL_ASPRINTF 1
#define HAVE_TM_GMTOFF 1
#define HAVE_ST_MTIM_TV_SEC 1
#define HAVE_ST_MTIM_TV_NSEC 1

configure: exit 0
