This file contains any messages produced by compilers while
running configure, to aid debugging if configure makes a mistake.

It was created by bfd configure 2.26.1, which was
generated by GNU Autoconf 2.64.  Invocation command line was

  $ /tmp/binutils-2.26.1/bfd/configure --srcdir=.././bfd --cache-file=./config.cache --with-gnu-as --with-gnu-ld --prefix=/opt/i860 --disable-multilib --program-transform-name=s&^&i860-stardent-sysv4-& --disable-option-checking --build=x86_64-pc-linux-gnu --host=x86_64-pc-linux-gnu --target=i860-stardent-sysv4

## --------- ##
## Platform. ##
## --------- ##

hostname = msi790
uname -m = x86_64
uname -r = 6.8.0-47-generic
uname -s = Linux
uname -v = #47~22.04.1-Ubuntu SMP PREEMPT_DYNAMIC Wed Oct  2 16:16:55 UTC 2

/usr/bin/uname -p = x86_64
/bin/uname -X     = unknown

/bin/arch              = x86_64
/usr/bin/arch -k       = unknown
/usr/convex/getsysinfo = unknown
/usr/bin/hostinfo      = unknown
/bin/machine           = unknown
/usr/bin/oslevel       = unknown
/bin/universe          = unknown

PATH: /opt/i860/bin
PATH: /opt/intel/oneapi/compiler/2023.2.0/linux/bin/intel64
PATH: /opt/nvidia/hpc_sdk/Linux_x86_64/23.7/comm_libs/mpi/bin
PATH: /opt/nvidia/hpc_sdk/Linux_x86_64/23.7/compilers/bin
PATH: /opt/anaconda3/bin
PATH: /home/milarson/.local/bin
PATH: /opt/nvidia/hpc_sdk/Linux_x86_64/23.7/compilers/bin
PATH: /usr/local/sbin
PATH: /usr/local/bin
PATH: /usr/sbin
PATH: /usr/bin
PATH: /sbin
PATH: /bin
PATH: /usr/games
PATH: /usr/local/games
PATH: /snap/bin
PATH: /opt/Xilinx/14.7/ISE_DS/ISE/bin/lin64
PATH: /opt/gcc-lm32/bin
PATH: /opt/Xilinx/14.7/ISE_DS/ISE/bin/lin64/
PATH: /opt/Xilinx/14.7/ISE_DS/EDK/bin/lin64/
PATH: /home/milarson/.local/bin


## ----------- ##
## Core tests. ##
## ----------- ##

configure:2462: creating cache ./config.cache
configure:2567: checking build system type
configure:2581: result: x86_64-pc-linux-gnu
configure:2601: checking host system type
configure:2614: result: x86_64-pc-linux-gnu
configure:2634: checking target system type
configure:2647: result: i860-stardent-sysv4
configure:2681: checking for x86_64-pc-linux-gnu-gcc
configure:2708: result: gcc
configure:2977: checking for C compiler version
configure:2986: gcc --version >&5
gcc (Ubuntu 11.4.0-1ubuntu1~22.04) 11.4.0
Copyright (C) 2021 Free Software Foundation, Inc.
This is free software; see the source for copying conditions.  There is NO
warranty; not even for MERCHANTABILITY or FITNESS FOR A PARTICULAR PURPOSE.

configure:2997: $? = 0
configure:2986: gcc -v >&5
Using built-in specs.
COLLECT_GCC=gcc
COLLECT_LTO_WRAPPER=/usr/lib/gcc/x86_64-linux-gnu/11/lto-wrapper
OFFLOAD_TARGET_NAMES=nvptx-none:amdgcn-amdhsa
OFFLOAD_TARGET_DEFAULT=1
Target: x86_64-linux-gnu
Configured with: ../src/configure -v --with-pkgversion='Ubuntu 11.4.0-1ubuntu1~22.04' --with-bugurl=file:///usr/share/doc/gcc-11/README.Bugs --enable-languages=c,ada,c++,go,brig,d,fortran,objc,obj-c++,m2 --prefix=/usr --with-gcc-major-version-only --program-suffix=-11 --program-prefix=x86_64-linux-gnu- --enable-shared --enable-linker-build-id --libexecdir=/usr/lib --without-included-gettext --enable-threads=posix --libdir=/usr/lib --enable-nls --enable-bootstrap --enable-clocale=gnu --enable-libstdcxx-debug --enable-libstdcxx-time=yes --with-default-libstdcxx-abi=new --enable-gnu-unique-object --disable-vtable-verify --enable-plugin --enable-default-pie --with-system-zlib --enable-libphobos-checking=release --with-target-system-zlib=auto --enable-objc-gc=auto --enable-multiarch --disable-werror --enable-cet --with-arch-32=i686 --with-abi=m64 --with-multilib-list=m32,m64,mx32 --enable-multilib --with-tune=generic --enable-offload-targets=nvptx-none=/build/gcc-11-XeT9lY/gcc-11-11.4.0/debian/tmp-nvptx/usr,amdgcn-amdhsa=/build/gcc-11-XeT9lY/gcc-11-11.4.0/debian/tmp-gcn/usr --without-cuda-driver --enable-checking=release --build=x86_64-linux-gnu --host=x86_64-linux-gnu --target=x86_64-linux-gnu --with-build-config=bootstrap-lto-lean --enable-link-serialization=2
Thread model: posix
Supported LTO compression algorithms: zlib zstd
gcc version 11.4.0 (Ubuntu 11.4.0-1ubuntu1~22.04) 
... rest of stderr output deleted ...
configure:2997: $? = 0
configure:2986: gcc -V >&5
gcc: error: unrecognized command-line option '-V'
gcc: fatal error: no input files
compilation terminated.
configure:2997: $? = 1
configure:2986: gcc -qversion >&5
gcc: error: unrecognized command-line option '-qversion'; did you mean '--version'?
gcc: fatal error: no input files
compilation terminated.
configure:2997: $? = 1
configure:3017: checking for C compiler default output file name
configure:3039: gcc -g -O2  -static-libstdc++ -static-libgcc  conftest.c  >&5
configure:3043: $? = 0
configure:3080: result: a.out
configure:3096: checking whether the C compiler works
configure:3105: ./a.out
configure:3109: $? = 0
configure:3124: result: yes
configure:3131: checking whether we are cross compiling
configure:3133: result: no
configure:3136: checking for suffix of executables
configure:3143: gcc -o conftest -g -O2  -static-libstdc++ -static-libgcc  conftest.c  >&5
configure:3147: $? = 0
configure:3169: result: 
configure:3175: checking for suffix of object files
configure:3197: gcc -c -g -O2  conftest.c >&5
configure:3201: $? = 0
configure:3222: result: o
configure:3226: checking whether we are using the GNU C compiler
configure:3245: gcc -c -g -O2  conftest.c >&5
configure:3245: $? = 0
configure:3254: result: yes
configure:3263: checking whether gcc accepts -g
configure:3283: gcc -c -g  conftest.c >&5
configure:3283: $? = 0
configure:3324: result: yes
configure:3341: checking for gcc option to accept ISO C89
configure:3405: gcc  -c -g -O2  conftest.c >&5
configure:3405: $? = 0
configure:3418: result: none needed
configure:3439: checking for library containing strerror
configure:3470: gcc -o conftest -g -O2  -static-libstdc++ -static-libgcc  conftest.c  >&5
configure:3470: $? = 0
configure:3487: result: none required
configure:3512: checking for a BSD-compatible install
configure:3580: result: /usr/bin/install -c
configure:3591: checking whether build environment is sane
configure:3641: result: yes
configure:3782: checking for a thread-safe mkdir -p
configure:3821: result: /usr/bin/mkdir -p
configure:3834: checking for gawk
configure:3861: result: mawk
configure:3872: checking whether make sets $(MAKE)
configure:3894: result: yes
configure:3924: checking for style of include used by make
configure:3952: result: GNU
configure:4037: checking dependency style of gcc
configure:4147: result: gcc3
configure:4167: checking for x86_64-pc-linux-gnu-ar
configure:4194: result: ar
configure:4259: checking for x86_64-pc-linux-gnu-ranlib
configure:4286: result: ranlib
configure:4389: checking for x86_64-pc-linux-gnu-gcc
configure:4416: result: gcc
configure:4685: checking for C compiler version
configure:4694: gcc --version >&5
gcc (Ubuntu 11.4.0-1ubuntu1~22.04) 11.4.0
Copyright (C) 2021 Free Software Foundation, Inc.
This is free software; see the source for copying conditions.  There is NO
warranty; not even for MERCHANTABILITY or FITNESS FOR A PARTICULAR PURPOSE.

configure:4705: $? = 0
configure:4694: gcc -v >&5
Using built-in specs.
COLLECT_GCC=gcc
COLLECT_LTO_WRAPPER=/usr/lib/gcc/x86_64-linux-gnu/11/lto-wrapper
OFFLOAD_TARGET_NAMES=nvptx-none:amdgcn-amdhsa
OFFLOAD_TARGET_DEFAULT=1
Target: x86_64-linux-gnu
Configured with: ../src/configure -v --with-pkgversion='Ubuntu 11.4.0-1ubuntu1~22.04' --with-bugurl=file:///usr/share/doc/gcc-11/README.Bugs --enable-languages=c,ada,c++,go,brig,d,fortran,objc,obj-c++,m2 --prefix=/usr --with-gcc-major-version-only --program-suffix=-11 --program-prefix=x86_64-linux-gnu- --enable-shared --enable-linker-build-id --libexecdir=/usr/lib --without-included-gettext --enable-threads=posix --libdir=/usr/lib --enable-nls --enable-bootstrap --enable-clocale=gnu --enable-libstdcxx-debug --enable-libstdcxx-time=yes --with-default-libstdcxx-abi=new --enable-gnu-unique-object --disable-vtable-verify --enable-plugin --enable-default-pie --with-system-zlib --enable-libphobos-checking=release --with-target-system-zlib=auto --enable-objc-gc=auto --enable-multiarch --disable-werror --enable-cet --with-arch-32=i686 --with-abi=m64 --with-multilib-list=m32,m64,mx32 --enable-multilib --with-tune=generic --enable-offload-targets=nvptx-none=/build/gcc-11-XeT9lY/gcc-11-11.4.0/debian/tmp-nvptx/usr,amdgcn-amdhsa=/build/gcc-11-XeT9lY/gcc-11-11.4.0/debian/tmp-gcn/usr --without-cuda-driver --enable-checking=release --build=x86_64-linux-gnu --host=x86_64-linux-gnu --target=x86_64-linux-gnu --with-build-config=bootstrap-lto-lean --enable-link-serialization=2
Thread model: posix
Supported LTO compression algorithms: zlib zstd
gcc version 11.4.0 (Ubuntu 11.4.0-1ubuntu1~22.04) 
... rest of stderr output deleted ...
configure:4705: $? = 0
configure:4694: gcc -V >&5
gcc: error: unrecognized command-line option '-V'
gcc: fatal error: no input files
compilation terminated.
configure:4705: $? = 1
configure:4694: gcc -qversion >&5
gcc: error: unrecognized command-line option '-qversion'; did you mean '--version'?
gcc: fatal error: no input files
compilation terminated.
configure:4705: $? = 1
configure:4709: checking whether we are using the GNU C compiler
configure:4737: result: yes
configure:4746: checking whether gcc accepts -g
configure:4807: result: yes
configure:4824: checking for gcc option to accept ISO C89
configure:4901: result: none needed
configure:4926: checking how to run the C preprocessor
configure:4957: gcc -E  conftest.c
configure:4957: $? = 0
configure:4971: gcc -E  conftest.c
conftest.c:11:10: fatal error: ac_nonexistent.h: No such file or directory
   11 | #include <ac_nonexistent.h>
      |          ^~~~~~~~~~~~~~~~~~
compilation terminated.
configure:4971: $? = 1
configure: failed program was:
| /* confdefs.h */
| #define PACKAGE_NAME "bfd"
| #define PACKAGE_TARNAME "bfd"
| #define PACKAGE_VERSION "2.26.1"
| #define PACKAGE_STRING "bfd 2.26.1"
| #define PACKAGE_BUGREPORT ""
| #define PACKAGE_URL ""
| #define PACKAGE "bfd"
| #define VERSION "2.26.1"
| /* end confdefs.h.  */
| #include <ac_nonexistent.h>
configure:4996: result: gcc -E
configure:5016: gcc -E  conftest.c
configure:5016: $? = 0
configure:5030: gcc -E  conftest.c
conftest.c:11:10: fatal error: ac_nonexistent.h: No such file or directory
   11 | #include <ac_nonexistent.h>
      |          ^~~~~~~~~~~~~~~~~~
compilation terminated.
configure:5030: $? = 1
configure: failed program was:
| /* confdefs.h */
| #define PACKAGE_NAME "bfd"
| #define PACKAGE_TARNAME "bfd"
| #define PACKAGE_VERSION "2.26.1"
| #define PACKAGE_STRING "bfd 2.26.1"
| #define PACKAGE_BUGREPORT ""
| #define PACKAGE_URL ""
| #define PACKAGE "bfd"
| #define VERSION "2.26.1"
| /* end confdefs.h.  */
| #include <ac_nonexistent.h>
configure:5059: checking for grep that handles long lines and -e
configure:5117: result: /usr/bin/grep
configure:5122: checking for egrep
configure:5184: result: /usr/bin/grep -E
configure:5189: checking for ANSI C header files
configure:5209: gcc -c -g -O2  conftest.c >&5
configure:5209: $? = 0
configure:5282: gcc -o conftest -g -O2  -static-libstdc++ -static-libgcc  conftest.c  >&5
configure:5282: $? = 0
configure:5282: ./conftest
configure:5282: $? = 0
configure:5293: result: yes
configure:5306: checking for sys/types.h
configure:5306: gcc -c -g -O2  conftest.c >&5
configure:5306: $? = 0
configure:5306: result: yes
configure:5306: checking for sys/stat.h
configure:5306: gcc -c -g -O2  conftest.c >&5
configure:5306: $? = 0
configure:5306: result: yes
configure:5306: checking for stdlib.h
configure:5306: gcc -c -g -O2  conftest.c >&5
configure:5306: $? = 0
configure:5306: result: yes
configure:5306: checking for string.h
configure:5306: gcc -c -g -O2  conftest.c >&5
configure:5306: $? = 0
configure:5306: result: yes
configure:5306: checking for memory.h
configure:5306: gcc -c -g -O2  conftest.c >&5
configure:5306: $? = 0
configure:5306: result: yes
configure:5306: checking for strings.h
configure:5306: gcc -c -g -O2  conftest.c >&5
configure:5306: $? = 0
configure:5306: result: yes
configure:5306: checking for inttypes.h
configure:5306: gcc -c -g -O2  conftest.c >&5
configure:5306: $? = 0
configure:5306: result: yes
configure:5306: checking for stdint.h
configure:5306: gcc -c -g -O2  conftest.c >&5
configure:5306: $? = 0
configure:5306: result: yes
configure:5306: checking for unistd.h
configure:5306: gcc -c -g -O2  conftest.c >&5
configure:5306: $? = 0
configure:5306: result: yes
configure:5320: checking minix/config.h usability
configure:5320: gcc -c -g -O2  conftest.c >&5
conftest.c:54:10: fatal error: minix/config.h: No such file or directory
   54 | #include <minix/config.h>
      |          ^~~~~~~~~~~~~~~~
compilation terminated.
configure:5320: $? = 1
configure: failed program was:
| /* confdefs.h */
| #define PACKAGE_NAME "bfd"
| #define PACKAGE_TARNAME "bfd"
| #define PACKAGE_VERSION "2.26.1"
| #define PACKAGE_STRING "bfd 2.26.1"
| #define PACKAGE_BUGREPORT ""
| #define PACKAGE_URL ""
| #define PACKAGE "bfd"
| #define VERSION "2.26.1"
| #define STDC_HEADERS 1
| #define HAVE_SYS_TYPES_H 1
| #define HAVE_SYS_STAT_H 1
| #define HAVE_STDLIB_H 1
| #define HAVE_STRING_H 1
| #define HAVE_MEMORY_H 1
| #define HAVE_STRINGS_H 1
| #define HAVE_INTTYPES_H 1
| #define HAVE_STDINT_H 1
| #define HAVE_UNISTD_H 1
| /* end confdefs.h.  */
| #include <stdio.h>
| #ifdef HAVE_SYS_TYPES_H
| # include <sys/types.h>
| #endif
| #ifdef HAVE_SYS_STAT_H
| # include <sys/stat.h>
| #endif
| #ifdef STDC_HEADERS
| # include <stdlib.h>
| # include <stddef.h>
| #else
| # ifdef HAVE_STDLIB_H
| #  include <stdlib.h>
| # endif
| #endif
| #ifdef HAVE_STRING_H
| # if !defined STDC_HEADERS && defined HAVE_MEMORY_H
| #  include <memory.h>
| # endif
| # include <string.h>
| #endif
| #ifdef HAVE_STRINGS_H
| # include <strings.h>
| #endif
| #ifdef HAVE_INTTYPES_H
| # include <inttypes.h>
| #endif
| #ifdef HAVE_STDINT_H
| # include <stdint.h>
| #endif
| #ifdef HAVE_UNISTD_H
| # include <unistd.h>
| #endif
| #include <minix/config.h>
configure:5320: result: no
configure:5320: checking minix/config.h presence
configure:5320: gcc -E  conftest.c
conftest.c:21:10: fatal error: minix/config.h: No such file or directory
   21 | #include <minix/config.h>
      |          ^~~~~~~~~~~~~~~~
compilation terminated.
configure:5320: $? = 1
configure: failed program was:
| /* confdefs.h */
| #define PACKAGE_NAME "bfd"
| #define PACKAGE_TARNAME "bfd"
| #define PACKAGE_VERSION "2.26.1"
| #define PACKAGE_STRING "bfd 2.26.1"
| #define PACKAGE_BUGREPORT ""
| #define PACKAGE_URL ""
| #define PACKAGE "bfd"
| #define VERSION "2.26.1"
| #define STDC_HEADERS 1
| #define HAVE_SYS_TYPES_H 1
| #define HAVE_SYS_STAT_H 1
| #define HAVE_STDLIB_H 1
| #define HAVE_STRING_H 1
| #define HAVE_MEMORY_H 1
| #define HAVE_STRINGS_H 1
| #define HAVE_INTTYPES_H 1
| #define HAVE_STDINT_H 1
| #define HAVE_UNISTD_H 1
| /* end confdefs.h.  */
| #include <minix/config.h>
configure:5320: result: no
configure:5320: checking for minix/config.h
configure:5320: result: no
configure:5341: checking whether it is safe to define __EXTENSIONS__
configure:5359: gcc -c -g -O2  conftest.c >&5
configure:5359: $? = 0
configure:5366: result: yes
configure:5429: checking how to print strings
configure:5456: result: printf
configure:5477: checking for a sed that does not truncate output
configure:5541: result: /usr/bin/sed
configure:5559: checking for fgrep
configure:5621: result: /usr/bin/grep -F
configure:5656: checking for ld used by gcc
configure:5723: result: ld
configure:5730: checking if the linker (ld) is GNU ld
configure:5745: result: yes
configure:5757: checking for BSD- or MS-compatible name lister (nm)
configure:5806: result: nm
configure:5936: checking the name lister (nm) interface
configure:5943: gcc -c -g -O2  conftest.c >&5
configure:5946: nm "conftest.o"
configure:5949: output
0000000000000000 B some_variable
configure:5956: result: BSD nm
configure:5959: checking whether ln -s works
configure:5963: result: yes
configure:5971: checking the maximum length of command line arguments
configure:6096: result: 1572864
configure:6113: checking whether the shell understands some XSI constructs
configure:6123: result: yes
configure:6127: checking whether the shell understands "+="
configure:6133: result: yes
configure:6168: checking for ld option to reload object files
configure:6175: result: -r
configure:6204: checking for x86_64-pc-linux-gnu-objdump
configure:6231: result: objdump
configure:6303: checking how to recognize dependent libraries
configure:6504: result: pass_all
configure:6524: checking for x86_64-pc-linux-gnu-ar
configure:6551: result: ar
configure:6629: checking for x86_64-pc-linux-gnu-strip
configure:6659: result: no
configure:6669: checking for strip
configure:6685: found /usr/bin/strip
configure:6696: result: strip
configure:6728: checking for x86_64-pc-linux-gnu-ranlib
configure:6755: result: ranlib
configure:6897: checking command to parse nm output from gcc object
configure:7015: gcc -c -g -O2  conftest.c >&5
configure:7018: $? = 0
configure:7022: nm conftest.o \| sed -n -e 's/^.*[ ]\([ABCDGIRSTW][ABCDGIRSTW]*\)[ ][ ]*\([_A-Za-z][_A-Za-z0-9]*\)$/\1 \2 \2/p' \> conftest.nm
configure:7025: $? = 0
configure:7079: gcc -o conftest -g -O2  -static-libstdc++ -static-libgcc  conftest.c conftstm.o >&5
configure:7082: $? = 0
configure:7120: result: ok
configure:7215: gcc -c -g -O2  conftest.c >&5
configure:7218: $? = 0
configure:7968: checking for dlfcn.h
configure:7968: gcc -c -g -O2  conftest.c >&5
configure:7968: $? = 0
configure:7968: result: yes
configure:8124: checking for objdir
configure:8139: result: .libs
configure:8410: checking if gcc supports -fno-rtti -fno-exceptions
configure:8428: gcc -c -g -O2  -fno-rtti -fno-exceptions conftest.c >&5
cc1: warning: command-line option '-fno-rtti' is valid for C++/D/ObjC++ but not for C
configure:8432: $? = 0
configure:8445: result: no
configure:8465: checking for gcc option to produce PIC
configure:8751: result: -fPIC -DPIC
configure:8763: checking if gcc PIC flag -fPIC -DPIC works
configure:8781: gcc -c -g -O2  -fPIC -DPIC -DPIC conftest.c >&5
configure:8785: $? = 0
configure:8798: result: yes
configure:8822: checking if gcc static flag -static works
configure:8850: result: yes
configure:8865: checking if gcc supports -c -o file.o
configure:8886: gcc -c -g -O2  -o out/conftest2.o conftest.c >&5
configure:8890: $? = 0
configure:8912: result: yes
configure:8920: checking if gcc supports -c -o file.o
configure:8967: result: yes
configure:9000: checking whether the gcc linker (ld -m elf_x86_64) supports shared libraries
configure:10071: result: yes
configure:10316: checking dynamic linker characteristics
configure:10767: gcc -o conftest -g -O2  -static-libstdc++ -static-libgcc  -Wl,-rpath -Wl,/foo conftest.c  >&5
configure:10767: $? = 0
configure:10989: result: GNU/Linux ld.so
configure:11096: checking how to hardcode library paths into programs
configure:11121: result: immediate
configure:11215: checking for shl_load
configure:11215: gcc -o conftest -g -O2  -static-libstdc++ -static-libgcc  conftest.c  >&5
/usr/bin/ld: /tmp/cc25FOpU.o: in function `main':
/tmp/binutils-2.26.1/bfd/conftest.c:62: undefined reference to `shl_load'
collect2: error: ld returned 1 exit status
configure:11215: $? = 1
configure: failed program was:
| /* confdefs.h */
| #define PACKAGE_NAME "bfd"
| #define PACKAGE_TARNAME "bfd"
| #define PACKAGE_VERSION "2.26.1"
| #define PACKAGE_STRING "bfd 2.26.1"
| #define PACKAGE_BUGREPORT ""
| #define PACKAGE_URL ""
| #define PACKAGE "bfd"
| #define VERSION "2.26.1"
| #define STDC_HEADERS 1
| #define HAVE_SYS_TYPES_H 1
| #define HAVE_SYS_STAT_H 1
| #define HAVE_STDLIB_H 1
| #define HAVE_STRING_H 1
| #define HAVE_MEMORY_H 1
| #define HAVE_STRINGS_H 1
| #define HAVE_INTTYPES_H 1
| #define HAVE_STDINT_H 1
| #define HAVE_UNISTD_H 1
| #define __EXTENSIONS__ 1
| #define _ALL_SOURCE 1
| #define _GNU_SOURCE 1
| #define _POSIX_PTHREAD_SEMANTICS 1
| #define _TANDEM_SOURCE 1
| #define HAVE_DLFCN_H 1
| #define LT_OBJDIR ".libs/"
| /* end confdefs.h.  */
| /* Define shl_load to an innocuous variant, in case <limits.h> declares shl_load.
|    For example, HP-UX 11i <limits.h> declares gettimeofday.  */
| #define shl_load innocuous_shl_load
| 
| /* System header to define __stub macros and hopefully few prototypes,
|     which can conflict with char shl_load (); below.
|     Prefer <limits.h> to <assert.h> if __STDC__ is defined, since
|     <limits.h> exists even on freestanding compilers.  */
| 
| #ifdef __STDC__
| # include <limits.h>
| #else
| # include <assert.h>
| #endif
| 
| #undef shl_load
| 
| /* Override any GCC internal prototype to avoid an error.
|    Use char because int might match the return type of a GCC
|    builtin and then its argument prototype would still apply.  */
| #ifdef __cplusplus
| extern "C"
| #endif
| char shl_load ();
| /* The GNU C library defines this for functions which it implements
|     to always fail with ENOSYS.  Some functions are actually named
|     something starting with __ and the normal name is an alias.  */
| #if defined __stub_shl_load || defined __stub___shl_load
| choke me
| #endif
| 
| int
| main ()
| {
| return shl_load ();
|   ;
|   return 0;
| }
configure:11215: result: no
configure:11219: checking for shl_load in -ldld
configure:11244: gcc -o conftest -g -O2  -static-libstdc++ -static-libgcc  conftest.c -ldld   >&5
/usr/bin/ld: cannot find -ldld: No such file or directory
collect2: error: ld returned 1 exit status
configure:11244: $? = 1
configure: failed program was:
| /* confdefs.h */
| #define PACKAGE_NAME "bfd"
| #define PACKAGE_TARNAME "bfd"
| #define PACKAGE_VERSION "2.26.1"
| #define PACKAGE_STRING "bfd 2.26.1"
| #define PACKAGE_BUGREPORT ""
| #define PACKAGE_URL ""
| #define PACKAGE "bfd"
| #define VERSION "2.26.1"
| #define STDC_HEADERS 1
| #define HAVE_SYS_TYPES_H 1
| #define HAVE_SYS_STAT_H 1
| #define HAVE_STDLIB_H 1
| #define HAVE_STRING_H 1
| #define HAVE_MEMORY_H 1
| #define HAVE_STRINGS_H 1
| #define HAVE_INTTYPES_H 1
| #define HAVE_STDINT_H 1
| #define HAVE_UNISTD_H 1
| #define __EXTENSIONS__ 1
| #define _ALL_SOURCE 1
| #define _GNU_SOURCE 1
| #define _POSIX_PTHREAD_SEMANTICS 1
| #define _TANDEM_SOURCE 1
| #define HAVE_DLFCN_H 1
| #define LT_OBJDIR ".libs/"
| /* end confdefs.h.  */
| 
| /* Override any GCC internal prototype to avoid an error.
|    Use char because int might match the return type of a GCC
|    builtin and then its argument prototype would still apply.  */
| #ifdef __cplusplus
| extern "C"
| #endif
| char shl_load ();
| int
| main ()
| {
| return shl_load ();
|   ;
|   return 0;
| }
configure:11253: result: no
configure:11258: checking for dlopen
configure:11258: gcc -o conftest -g -O2  -static-libstdc++ -static-libgcc  conftest.c  >&5
configure:11258: $? = 0
configure:11258: result: yes
configure:11415: checking whether a program can dlopen itself
configure:11495: gcc -o conftest -g -O2  -DHAVE_DLFCN_H -static-libstdc++ -static-libgcc  -Wl,--export-dynamic conftest.c   >&5
configure:11498: $? = 0
configure:11516: result: yes
configure:11521: checking whether a statically linked program can dlopen itself
configure:11601: gcc -o conftest -g -O2  -DHAVE_DLFCN_H -static-libstdc++ -static-libgcc  -Wl,--export-dynamic -static conftest.c   >&5
/usr/bin/ld: /tmp/ccXppnVs.o: in function `main':
/tmp/binutils-2.26.1/bfd/configure:11581: warning: Using 'dlopen' in statically linked applications requires at runtime the shared libraries from the glibc version used for linking
configure:11604: $? = 0
conftest: undefined symbol: _fnord
configure:11622: result: no
configure:11661: checking whether stripping libraries is possible
configure:11666: result: yes
configure:11701: checking if libtool supports shared libraries
configure:11703: result: yes
configure:11706: checking whether to build shared libraries
configure:11727: result: no
configure:11730: checking whether to build static libraries
configure:11734: result: yes
configure:11784: checking for dlfcn.h
configure:11784: result: yes
configure:11797: checking for windows.h
configure:11797: gcc -c -g -O2  conftest.c >&5
conftest.c:63:10: fatal error: windows.h: No such file or directory
   63 | #include <windows.h>
      |          ^~~~~~~~~~~
compilation terminated.
configure:11797: $? = 1
configure: failed program was:
| /* confdefs.h */
| #define PACKAGE_NAME "bfd"
| #define PACKAGE_TARNAME "bfd"
| #define PACKAGE_VERSION "2.26.1"
| #define PACKAGE_STRING "bfd 2.26.1"
| #define PACKAGE_BUGREPORT ""
| #define PACKAGE_URL ""
| #define PACKAGE "bfd"
| #define VERSION "2.26.1"
| #define STDC_HEADERS 1
| #define HAVE_SYS_TYPES_H 1
| #define HAVE_SYS_STAT_H 1
| #define HAVE_STDLIB_H 1
| #define HAVE_STRING_H 1
| #define HAVE_MEMORY_H 1
| #define HAVE_STRINGS_H 1
| #define HAVE_INTTYPES_H 1
| #define HAVE_STDINT_H 1
| #define HAVE_UNISTD_H 1
| #define __EXTENSIONS__ 1
| #define _ALL_SOURCE 1
| #define _GNU_SOURCE 1
| #define _POSIX_PTHREAD_SEMANTICS 1
| #define _TANDEM_SOURCE 1
| #define HAVE_DLFCN_H 1
| #define LT_OBJDIR ".libs/"
| #define HAVE_DLFCN_H 1
| /* end confdefs.h.  */
| #include <stdio.h>
| #ifdef HAVE_SYS_TYPES_H
| # include <sys/types.h>
| #endif
| #ifdef HAVE_SYS_STAT_H
| # include <sys/stat.h>
| #endif
| #ifdef STDC_HEADERS
| # include <stdlib.h>
| # include <stddef.h>
| #else
| # ifdef HAVE_STDLIB_H
| #  include <stdlib.h>
| # endif
| #endif
| #ifdef HAVE_STRING_H
| # if !defined STDC_HEADERS && defined HAVE_MEMORY_H
| #  include <memory.h>
| # endif
| # include <string.h>
| #endif
| #ifdef HAVE_STRINGS_H
| # include <strings.h>
| #endif
| #ifdef HAVE_INTTYPES_H
| # include <inttypes.h>
| #endif
| #ifdef HAVE_STDINT_H
| # include <stdint.h>
| #endif
| #ifdef HAVE_UNISTD_H
| # include <unistd.h>
| #endif
| 
| #include <windows.h>
configure:11797: result: no
configure:11824: checking for library containing dlopen
configure:11855: gcc -o conftest -g -O2  -static-libstdc++ -static-libgcc  conftest.c  >&5
configure:11855: $? = 0
configure:11872: result: none required
configure:11903: checking for special C compiler options needed for large files
configure:11948: result: no
configure:11954: checking for _FILE_OFFSET_BITS value needed for large files
configure:11979: gcc -c -g -O2  conftest.c >&5
configure:11979: $? = 0
configure:12011: result: no
configure:12335: checking whether to enable maintainer-specific portions of Makefiles
configure:12344: result: no
configure:12380: checking whether to install libbfd
configure:12393: result: no
configure:12443: checking whether NLS is requested
configure:12449: result: yes
configure:12455: checking for catalogs to be installed
configure:12487: result:  da es fi fr id ja ro ru rw sv tr uk vi zh_CN da es fi fr id ja ro ru rw sv tr uk vi zh_CN
configure:12514: checking whether NLS is requested
configure:12523: result: yes
configure:12561: checking for msgfmt
configure:12595: result: no
configure:12601: checking for gmsgfmt
configure:12632: result: :
configure:12672: checking for xgettext
configure:12706: result: no
configure:12743: checking for msgmerge
configure:12776: result: no
configure:12826: checking size of long long
configure:12831: gcc -o conftest -g -O2  -static-libstdc++ -static-libgcc  conftest.c  >&5
configure:12831: $? = 0
configure:12831: ./conftest
configure:12831: $? = 0
configure:12846: result: 8
configure:12860: checking size of void *
configure:12865: gcc -o conftest -g -O2  -static-libstdc++ -static-libgcc  conftest.c  >&5
configure:12865: $? = 0
configure:12865: ./conftest
configure:12865: $? = 0
configure:12880: result: 8
configure:12894: checking size of long
configure:12899: gcc -o conftest -g -O2  -static-libstdc++ -static-libgcc  conftest.c  >&5
configure:12899: $? = 0
configure:12899: ./conftest
configure:12899: $? = 0
configure:12914: result: 8
configure:12996: checking alloca.h usability
configure:12996: gcc -c -g -O2  conftest.c >&5
configure:12996: $? = 0
configure:12996: result: yes
configure:12996: checking alloca.h presence
configure:12996: gcc -E  conftest.c
configure:12996: $? = 0
configure:12996: result: yes
configure:12996: checking for alloca.h
configure:12996: result: yes
configure:12996: checking stddef.h usability
configure:12996: gcc -c -g -O2  conftest.c >&5
configure:12996: $? = 0
configure:12996: result: yes
configure:12996: checking stddef.h presence
configure:12996: gcc -E  conftest.c
configure:12996: $? = 0
configure:12996: result: yes
configure:12996: checking for stddef.h
configure:12996: result: yes
configure:12996: checking for string.h
configure:12996: result: yes
configure:12996: checking for strings.h
configure:12996: result: yes
configure:12996: checking for stdlib.h
configure:12996: result: yes
configure:12996: checking time.h usability
configure:12996: gcc -c -g -O2  conftest.c >&5
configure:12996: $? = 0
configure:12996: result: yes
configure:12996: checking time.h presence
configure:12996: gcc -E  conftest.c
configure:12996: $? = 0
configure:12996: result: yes
configure:12996: checking for time.h
configure:12996: result: yes
configure:12996: checking for unistd.h
configure:12996: result: yes
configure:12996: checking wchar.h usability
configure:12996: gcc -c -g -O2  conftest.c >&5
configure:12996: $? = 0
configure:12996: result: yes
configure:12996: checking wchar.h presence
configure:12996: gcc -E  conftest.c
configure:12996: $? = 0
configure:12996: result: yes
configure:12996: checking for wchar.h
configure:12996: result: yes
configure:12996: checking wctype.h usability
configure:12996: gcc -c -g -O2  conftest.c >&5
configure:12996: $? = 0
configure:12996: result: yes
configure:12996: checking wctype.h presence
configure:12996: gcc -E  conftest.c
configure:12996: $? = 0
configure:12996: result: yes
configure:12996: checking for wctype.h
configure:12996: result: yes
configure:13010: checking fcntl.h usability
configure:13010: gcc -c -g -O2  conftest.c >&5
configure:13010: $? = 0
configure:13010: result: yes
configure:13010: checking fcntl.h presence
configure:13010: gcc -E  conftest.c
configure:13010: $? = 0
configure:13010: result: yes
configure:13010: checking for fcntl.h
configure:13010: result: yes
configure:13010: checking sys/file.h usability
configure:13010: gcc -c -g -O2  conftest.c >&5
configure:13010: $? = 0
configure:13010: result: yes
configure:13010: checking sys/file.h presence
configure:13010: gcc -E  conftest.c
configure:13010: $? = 0
configure:13010: result: yes
configure:13010: checking for sys/file.h
configure:13010: result: yes
configure:13010: checking sys/time.h usability
configure:13010: gcc -c -g -O2  conftest.c >&5
configure:13010: $? = 0
configure:13010: result: yes
configure:13010: checking sys/time.h presence
configure:13010: gcc -E  conftest.c
configure:13010: $? = 0
configure:13010: result: yes
configure:13010: checking for sys/time.h
configure:13010: result: yes
configure:13010: checking for sys/stat.h
configure:13010: result: yes
configure:13010: checking sys/resource.h usability
configure:13010: gcc -c -g -O2  conftest.c >&5
configure:13010: $? = 0
configure:13010: result: yes
configure:13010: checking sys/resource.h presence
configure:13010: gcc -E  conftest.c
configure:13010: $? = 0
configure:13010: result: yes
configure:13010: checking for sys/resource.h
configure:13010: result: yes
configure:13034: checking for uintmax_t
configure:13034: gcc -c -g -O2  conftest.c >&5
configure:13034: $? = 0
configure:13034: gcc -c -g -O2  conftest.c >&5
conftest.c: In function 'main':
conftest.c:54:24: error: expected expression before ')' token
   54 | if (sizeof ((uintmax_t)))
      |                        ^
configure:13034: $? = 1
configure: failed program was:
| /* confdefs.h */
| #define PACKAGE_NAME "bfd"
| #define PACKAGE_TARNAME "bfd"
| #define PACKAGE_VERSION "2.26.1"
| #define PACKAGE_STRING "bfd 2.26.1"
| #define PACKAGE_BUGREPORT ""
| #define PACKAGE_URL ""
| #define PACKAGE "bfd"
| #define VERSION "2.26.1"
| #define STDC_HEADERS 1
| #define HAVE_SYS_TYPES_H 1
| #define HAVE_SYS_STAT_H 1
| #define HAVE_STDLIB_H 1
| #define HAVE_STRING_H 1
| #define HAVE_MEMORY_H 1
| #define HAVE_STRINGS_H 1
| #define HAVE_INTTYPES_H 1
| #define HAVE_STDINT_H 1
| #define HAVE_UNISTD_H 1
| #define __EXTENSIONS__ 1
| #define _ALL_SOURCE 1
| #define _GNU_SOURCE 1
| #define _POSIX_PTHREAD_SEMANTICS 1
| #define _TANDEM_SOURCE 1
| #define HAVE_DLFCN_H 1
| #define LT_OBJDIR ".libs/"
| #define HAVE_DLFCN_H 1
| #define USE_SECUREPLT 1
| #define ENABLE_NLS 1
| #define SIZEOF_LONG_LONG 8
| #define SIZEOF_VOID_P 8
| #define SIZEOF_LONG 8
| #define HAVE_ALLOCA_H 1
| #define HAVE_STDDEF_H 1
| #define HAVE_STRING_H 1
| #define HAVE_STRINGS_H 1
| #define HAVE_STDLIB_H 1
| #define HAVE_TIME_H 1
| #define HAVE_UNISTD_H 1
| #define HAVE_WCHAR_H 1
| #define HAVE_WCTYPE_H 1
| #define HAVE_FCNTL_H 1
| #define HAVE_SYS_FILE_H 1
| #define HAVE_SYS_TIME_H 1
| #define HAVE_SYS_STAT_H 1
| #define HAVE_SYS_RESOURCE_H 1
| /* end confdefs.h.  */
| #include <sys/types.h>
| #include <stdint.h>
| 
| int
| main ()
| {
| if (sizeof ((uintmax_t)))
| 	    return 0;
|   ;
|   return 0;
| }
configure:13034: result: yes
configure:13043: checking for uintptr_t
configure:13043: gcc -c -g -O2  conftest.c >&5
configure:13043: $? = 0
configure:13043: gcc -c -g -O2  conftest.c >&5
conftest.c: In function 'main':
conftest.c:54:24: error: expected expression before ')' token
   54 | if (sizeof ((uintptr_t)))
      |                        ^
configure:13043: $? = 1
configure: failed program was:
| /* confdefs.h */
| #define PACKAGE_NAME "bfd"
| #define PACKAGE_TARNAME "bfd"
| #define PACKAGE_VERSION "2.26.1"
| #define PACKAGE_STRING "bfd 2.26.1"
| #define PACKAGE_BUGREPORT ""
| #define PACKAGE_URL ""
| #define PACKAGE "bfd"
| #define VERSION "2.26.1"
| #define STDC_HEADERS 1
| #define HAVE_SYS_TYPES_H 1
| #define HAVE_SYS_STAT_H 1
| #define HAVE_STDLIB_H 1
| #define HAVE_STRING_H 1
| #define HAVE_MEMORY_H 1
| #define HAVE_STRINGS_H 1
| #define HAVE_INTTYPES_H 1
| #define HAVE_STDINT_H 1
| #define HAVE_UNISTD_H 1
| #define __EXTENSIONS__ 1
| #define _ALL_SOURCE 1
| #define _GNU_SOURCE 1
| #define _POSIX_PTHREAD_SEMANTICS 1
| #define _TANDEM_SOURCE 1
| #define HAVE_DLFCN_H 1
| #define LT_OBJDIR ".libs/"
| #define HAVE_DLFCN_H 1
| #define USE_SECUREPLT 1
| #define ENABLE_NLS 1
| #define SIZEOF_LONG_LONG 8
| #define SIZEOF_VOID_P 8
| #define SIZEOF_LONG 8
| #define HAVE_ALLOCA_H 1
| #define HAVE_STDDEF_H 1
| #define HAVE_STRING_H 1
| #define HAVE_STRINGS_H 1
| #define HAVE_STDLIB_H 1
| #define HAVE_TIME_H 1
| #define HAVE_UNISTD_H 1
| #define HAVE_WCHAR_H 1
| #define HAVE_WCTYPE_H 1
| #define HAVE_FCNTL_H 1
| #define HAVE_SYS_FILE_H 1
| #define HAVE_SYS_TIME_H 1
| #define HAVE_SYS_STAT_H 1
| #define HAVE_SYS_RESOURCE_H 1
| /* end confdefs.h.  */
| #include <sys/types.h>
| #include <stdint.h>
| 
| int
| main ()
| {
| if (sizeof ((uintptr_t)))
| 	    return 0;
|   ;
|   return 0;
| }
configure:13043: result: yes
configure:13052: checking for int_least32_t
configure:13052: gcc -c -g -O2  conftest.c >&5
configure:13052: $? = 0
configure:13052: gcc -c -g -O2  conftest.c >&5
conftest.c: In function 'main':
conftest.c:54:28: error: expected expression before ')' token
   54 | if (sizeof ((int_least32_t)))
      |                            ^
configure:13052: $? = 1
configure: failed program was:
| /* confdefs.h */
| #define PACKAGE_NAME "bfd"
| #define PACKAGE_TARNAME "bfd"
| #define PACKAGE_VERSION "2.26.1"
| #define PACKAGE_STRING "bfd 2.26.1"
| #define PACKAGE_BUGREPORT ""
| #define PACKAGE_URL ""
| #define PACKAGE "bfd"
| #define VERSION "2.26.1"
| #define STDC_HEADERS 1
| #define HAVE_SYS_TYPES_H 1
| #define HAVE_SYS_STAT_H 1
| #define HAVE_STDLIB_H 1
| #define HAVE_STRING_H 1
| #define HAVE_MEMORY_H 1
| #define HAVE_STRINGS_H 1
| #define HAVE_INTTYPES_H 1
| #define HAVE_STDINT_H 1
| #define HAVE_UNISTD_H 1
| #define __EXTENSIONS__ 1
| #define _ALL_SOURCE 1
| #define _GNU_SOURCE 1
| #define _POSIX_PTHREAD_SEMANTICS 1
| #define _TANDEM_SOURCE 1
| #define HAVE_DLFCN_H 1
| #define LT_OBJDIR ".libs/"
| #define HAVE_DLFCN_H 1
| #define USE_SECUREPLT 1
| #define ENABLE_NLS 1
| #define SIZEOF_LONG_LONG 8
| #define SIZEOF_VOID_P 8
| #define SIZEOF_LONG 8
| #define HAVE_ALLOCA_H 1
| #define HAVE_STDDEF_H 1
| #define HAVE_STRING_H 1
| #define HAVE_STRINGS_H 1
| #define HAVE_STDLIB_H 1
| #define HAVE_TIME_H 1
| #define HAVE_UNISTD_H 1
| #define HAVE_WCHAR_H 1
| #define HAVE_WCTYPE_H 1
| #define HAVE_FCNTL_H 1
| #define HAVE_SYS_FILE_H 1
| #define HAVE_SYS_TIME_H 1
| #define HAVE_SYS_STAT_H 1
| #define HAVE_SYS_RESOURCE_H 1
| /* end confdefs.h.  */
| #include <sys/types.h>
| #include <stdint.h>
| 
| int
| main ()
| {
| if (sizeof ((int_least32_t)))
| 	    return 0;
|   ;
|   return 0;
| }
configure:13052: result: yes
configure:13061: checking for int_fast32_t
configure:13061: gcc -c -g -O2  conftest.c >&5
configure:13061: $? = 0
configure:13061: gcc -c -g -O2  conftest.c >&5
conftest.c: In function 'main':
conftest.c:54:27: error: expected expression before ')' token
   54 | if (sizeof ((int_fast32_t)))
      |                           ^
configure:13061: $? = 1
configure: failed program was:
| /* confdefs.h */
| #define PACKAGE_NAME "bfd"
| #define PACKAGE_TARNAME "bfd"
| #define PACKAGE_VERSION "2.26.1"
| #define PACKAGE_STRING "bfd 2.26.1"
| #define PACKAGE_BUGREPORT ""
| #define PACKAGE_URL ""
| #define PACKAGE "bfd"
| #define VERSION "2.26.1"
| #define STDC_HEADERS 1
| #define HAVE_SYS_TYPES_H 1
| #define HAVE_SYS_STAT_H 1
| #define HAVE_STDLIB_H 1
| #define HAVE_STRING_H 1
| #define HAVE_MEMORY_H 1
| #define HAVE_STRINGS_H 1
| #define HAVE_INTTYPES_H 1
| #define HAVE_STDINT_H 1
| #define HAVE_UNISTD_H 1
| #define __EXTENSIONS__ 1
| #define _ALL_SOURCE 1
| #define _GNU_SOURCE 1
| #define _POSIX_PTHREAD_SEMANTICS 1
| #define _TANDEM_SOURCE 1
| #define HAVE_DLFCN_H 1
| #define LT_OBJDIR ".libs/"
| #define HAVE_DLFCN_H 1
| #define USE_SECUREPLT 1
| #define ENABLE_NLS 1
| #define SIZEOF_LONG_LONG 8
| #define SIZEOF_VOID_P 8
| #define SIZEOF_LONG 8
| #define HAVE_ALLOCA_H 1
| #define HAVE_STDDEF_H 1
| #define HAVE_STRING_H 1
| #define HAVE_STRINGS_H 1
| #define HAVE_STDLIB_H 1
| #define HAVE_TIME_H 1
| #define HAVE_UNISTD_H 1
| #define HAVE_WCHAR_H 1
| #define HAVE_WCTYPE_H 1
| #define HAVE_FCNTL_H 1
| #define HAVE_SYS_FILE_H 1
| #define HAVE_SYS_TIME_H 1
| #define HAVE_SYS_STAT_H 1
| #define HAVE_SYS_RESOURCE_H 1
| /* end confdefs.h.  */
| #include <sys/types.h>
| #include <stdint.h>
| 
| int
| main ()
| {
| if (sizeof ((int_fast32_t)))
| 	    return 0;
|   ;
|   return 0;
| }
configure:13061: result: yes
configure:13070: checking for uint64_t
configure:13070: gcc -c -g -O2  conftest.c >&5
configure:13070: $? = 0
configure:13070: gcc -c -g -O2  conftest.c >&5
conftest.c: In function 'main':
conftest.c:54:23: error: expected expression before ')' token
   54 | if (sizeof ((uint64_t)))
      |                       ^
configure:13070: $? = 1
configure: failed program was:
| /* confdefs.h */
| #define PACKAGE_NAME "bfd"
| #define PACKAGE_TARNAME "bfd"
| #define PACKAGE_VERSION "2.26.1"
| #define PACKAGE_STRING "bfd 2.26.1"
| #define PACKAGE_BUGREPORT ""
| #define PACKAGE_URL ""
| #define PACKAGE "bfd"
| #define VERSION "2.26.1"
| #define STDC_HEADERS 1
| #define HAVE_SYS_TYPES_H 1
| #define HAVE_SYS_STAT_H 1
| #define HAVE_STDLIB_H 1
| #define HAVE_STRING_H 1
| #define HAVE_MEMORY_H 1
| #define HAVE_STRINGS_H 1
| #define HAVE_INTTYPES_H 1
| #define HAVE_STDINT_H 1
| #define HAVE_UNISTD_H 1
| #define __EXTENSIONS__ 1
| #define _ALL_SOURCE 1
| #define _GNU_SOURCE 1
| #define _POSIX_PTHREAD_SEMANTICS 1
| #define _TANDEM_SOURCE 1
| #define HAVE_DLFCN_H 1
| #define LT_OBJDIR ".libs/"
| #define HAVE_DLFCN_H 1
| #define USE_SECUREPLT 1
| #define ENABLE_NLS 1
| #define SIZEOF_LONG_LONG 8
| #define SIZEOF_VOID_P 8
| #define SIZEOF_LONG 8
| #define HAVE_ALLOCA_H 1
| #define HAVE_STDDEF_H 1
| #define HAVE_STRING_H 1
| #define HAVE_STRINGS_H 1
| #define HAVE_STDLIB_H 1
| #define HAVE_TIME_H 1
| #define HAVE_UNISTD_H 1
| #define HAVE_WCHAR_H 1
| #define HAVE_WCTYPE_H 1
| #define HAVE_FCNTL_H 1
| #define HAVE_SYS_FILE_H 1
| #define HAVE_SYS_TIME_H 1
| #define HAVE_SYS_STAT_H 1
| #define HAVE_SYS_RESOURCE_H 1
| /* end confdefs.h.  */
| #include <sys/types.h>
| #include <stdint.h>
| 
| int
| main ()
| {
| if (sizeof ((uint64_t)))
| 	    return 0;
|   ;
|   return 0;
| }
configure:13070: result: yes
configure:13151: checking what to include in bfd_stdint.h
configure:13179: result: stdint.h (already complete)
configure:13427: checking whether time.h and sys/time.h may both be included
configure:13447: gcc -c -g -O2  conftest.c >&5
configure:13447: $? = 0
configure:13454: result: yes
configure:13465: checking for dirent.h that defines DIR
configure:13484: gcc -c -g -O2  conftest.c >&5
configure:13484: $? = 0
configure:13492: result: yes
configure:13506: checking for library containing opendir
configure:13537: gcc -o conftest -g -O2  -static-libstdc++ -static-libgcc  conftest.c  >&5
configure:13537: $? = 0
configure:13554: result: none required
configure:13622: checking whether string.h and strings.h may both be included
configure:13639: gcc -c -g -O2  conftest.c >&5
configure:13639: $? = 0
configure:13646: result: yes
configure:13657: checking for fcntl
configure:13657: gcc -o conftest -g -O2  -static-libstdc++ -static-libgcc  conftest.c  >&5
configure:13657: $? = 0
configure:13657: result: yes
configure:13657: checking for getpagesize
configure:13657: gcc -o conftest -g -O2  -static-libstdc++ -static-libgcc  conftest.c  >&5
configure:13657: $? = 0
configure:13657: result: yes
configure:13657: checking for setitimer
configure:13657: gcc -o conftest -g -O2  -static-libstdc++ -static-libgcc  conftest.c  >&5
configure:13657: $? = 0
configure:13657: result: yes
configure:13657: checking for sysconf
configure:13657: gcc -o conftest -g -O2  -static-libstdc++ -static-libgcc  conftest.c  >&5
configure:13657: $? = 0
configure:13657: result: yes
configure:13657: checking for fdopen
configure:13657: gcc -o conftest -g -O2  -static-libstdc++ -static-libgcc  conftest.c  >&5
configure:13657: $? = 0
configure:13657: result: yes
configure:13657: checking for getuid
configure:13657: gcc -o conftest -g -O2  -static-libstdc++ -static-libgcc  conftest.c  >&5
configure:13657: $? = 0
configure:13657: result: yes
configure:13657: checking for getgid
configure:13657: gcc -o conftest -g -O2  -static-libstdc++ -static-libgcc  conftest.c  >&5
configure:13657: $? = 0
configure:13657: result: yes
configure:13657: checking for fileno
configure:13657: gcc -o conftest -g -O2  -static-libstdc++ -static-libgcc  conftest.c  >&5
configure:13657: $? = 0
configure:13657: result: yes
configure:13670: checking for strtoull
configure:13670: gcc -o conftest -g -O2  -static-libstdc++ -static-libgcc  conftest.c  >&5
configure:13670: $? = 0
configure:13670: result: yes
configure:13670: checking for getrlimit
configure:13670: gcc -o conftest -g -O2  -static-libstdc++ -static-libgcc  conftest.c  >&5
configure:13670: $? = 0
configure:13670: result: yes
configure:13681: checking whether basename is declared
configure:13681: gcc -c -g -O2  conftest.c >&5
configure:13681: $? = 0
configure:13681: result: yes
configure:13692: checking whether ftello is declared
configure:13692: gcc -c -g -O2  conftest.c >&5
configure:13692: $? = 0
configure:13692: result: yes
configure:13703: checking whether ftello64 is declared
configure:13703: gcc -c -g -O2  conftest.c >&5
configure:13703: $? = 0
configure:13703: result: yes
configure:13714: checking whether fseeko is declared
configure:13714: gcc -c -g -O2  conftest.c >&5
configure:13714: $? = 0
configure:13714: result: yes
configure:13725: checking whether fseeko64 is declared
configure:13725: gcc -c -g -O2  conftest.c >&5
configure:13725: $? = 0
configure:13725: result: yes
configure:13745: checking whether ffs is declared
configure:13745: gcc -c -g -O2  conftest.c >&5
configure:13745: $? = 0
configure:13745: result: yes
configure:13756: checking whether free is declared
configure:13756: gcc -c -g -O2  conftest.c >&5
configure:13756: $? = 0
configure:13756: result: yes
configure:13767: checking whether getenv is declared
configure:13767: gcc -c -g -O2  conftest.c >&5
configure:13767: $? = 0
configure:13767: result: yes
configure:13778: checking whether malloc is declared
configure:13778: gcc -c -g -O2  conftest.c >&5
configure:13778: $? = 0
configure:13778: result: yes
configure:13789: checking whether realloc is declared
configure:13789: gcc -c -g -O2  conftest.c >&5
configure:13789: $? = 0
configure:13789: result: yes
configure:13800: checking whether stpcpy is declared
configure:13800: gcc -c -g -O2  conftest.c >&5
configure:13800: $? = 0
configure:13800: result: yes
configure:13811: checking whether strstr is declared
configure:13811: gcc -c -g -O2  conftest.c >&5
configure:13811: $? = 0
configure:13811: result: yes
configure:13822: checking whether asprintf is declared
configure:13822: gcc -c -g -O2  conftest.c >&5
configure:13822: $? = 0
configure:13822: result: yes
configure:13833: checking whether vasprintf is declared
configure:13833: gcc -c -g -O2  conftest.c >&5
configure:13833: $? = 0
configure:13833: result: yes
configure:13844: checking whether snprintf is declared
configure:13844: gcc -c -g -O2  conftest.c >&5
configure:13844: $? = 0
configure:13844: result: yes
configure:13855: checking whether vsnprintf is declared
configure:13855: gcc -c -g -O2  conftest.c >&5
configure:13855: $? = 0
configure:13855: result: yes
configure:13866: checking whether strnlen is declared
configure:13866: gcc -c -g -O2  conftest.c >&5
configure:13866: $? = 0
configure:13866: result: yes
configure:14967: checking linker --as-needed support
configure:14978: result: yes
configure:15069: checking for cos in -lm
configure:15094: gcc -o conftest -g -O2  -static-libstdc++ -static-libgcc  conftest.c -lm   >&5
conftest.c:85:6: warning: conflicting types for built-in function 'cos'; expected 'double(double)' [-Wbuiltin-declaration-mismatch]
   85 | char cos ();
      |      ^~~
conftest.c:1:1: note: 'cos' is declared in header '<math.h>'
    1 | /* confdefs.h */
configure:15094: $? = 0
configure:15103: result: yes
configure:15666: checking for gcc version with buggy 64-bit support
configure:15679: result: no
configure:15718: checking for ftello
configure:15718: gcc -o conftest -g -O2  -static-libstdc++ -static-libgcc  conftest.c  >&5
configure:15718: $? = 0
configure:15718: result: yes
configure:15718: checking for ftello64
configure:15718: gcc -o conftest -g -O2  -static-libstdc++ -static-libgcc  conftest.c  >&5
configure:15718: $? = 0
configure:15718: result: yes
configure:15718: checking for fseeko
configure:15718: gcc -o conftest -g -O2  -static-libstdc++ -static-libgcc  conftest.c  >&5
configure:15718: $? = 0
configure:15718: result: yes
configure:15718: checking for fseeko64
configure:15718: gcc -o conftest -g -O2  -static-libstdc++ -static-libgcc  conftest.c  >&5
configure:15718: $? = 0
configure:15718: result: yes
configure:15718: checking for fopen64
configure:15718: gcc -o conftest -g -O2  -static-libstdc++ -static-libgcc  conftest.c  >&5
configure:15718: $? = 0
configure:15718: result: yes
configure:15733: checking size of off_t
configure:15738: gcc -o conftest -g -O2  -static-libstdc++ -static-libgcc  conftest.c  >&5
configure:15738: $? = 0
configure:15738: ./conftest
configure:15738: $? = 0
configure:15753: result: 8
configure:15764: checking file_ptr type
configure:15773: result: BFD_HOST_64_BIT
configure:15790: checking for stdlib.h
configure:15790: result: yes
configure:15790: checking for unistd.h
configure:15790: result: yes
configure:15803: checking for getpagesize
configure:15803: result: yes
configure:15812: checking for working mmap
configure:15949: gcc -o conftest -g -O2  -static-libstdc++ -static-libgcc  conftest.c  >&5
configure:15949: $? = 0
configure:15949: ./conftest
configure:15949: $? = 0
configure:15959: result: yes
configure:15971: checking for madvise
configure:15971: gcc -o conftest -g -O2  -static-libstdc++ -static-libgcc  conftest.c  >&5
configure:15971: $? = 0
configure:15971: result: yes
configure:15971: checking for mprotect
configure:15971: gcc -o conftest -g -O2  -static-libstdc++ -static-libgcc  conftest.c  >&5
configure:15971: $? = 0
configure:15971: result: yes
configure:16056: updating cache ./config.cache
configure:16125: creating ./config.status

## ---------------------- ##
## Running config.status. ##
## ---------------------- ##

This file was extended by bfd config.status 2.26.1, which was
generated by GNU Autoconf 2.64.  Invocation command line was

  CONFIG_FILES    = 
  CONFIG_HEADERS  = 
  CONFIG_LINKS    = 
  CONFIG_COMMANDS = 
  $ ./config.status 

on msi790

config.status:1229: creating Makefile
config.status:1229: creating doc/Makefile
config.status:1229: creating bfd-in3.h
config.status:1229: creating po/Makefile.in
config.status:1229: creating config.h
config.status:1449: executing depfiles commands
config.status:1449: executing libtool commands
config.status:1449: executing default-1 commands
config.status:1449: executing bfd_stdint.h commands
config.status:1449: executing default commands

## ---------------- ##
## Cache variables. ##
## ---------------- ##

ac_cv_build=x86_64-pc-linux-gnu
ac_cv_c_compiler_gnu=yes
ac_cv_env_CC_set=set
ac_cv_env_CC_value=gcc
ac_cv_env_CFLAGS_set=set
ac_cv_env_CFLAGS_value='-g -O2'
ac_cv_env_CPPFLAGS_set=
ac_cv_env_CPPFLAGS_value=
ac_cv_env_CPP_set=
ac_cv_env_CPP_value=
ac_cv_env_LDFLAGS_set=set
ac_cv_env_LDFLAGS_value='-static-libstdc++ -static-libgcc '
ac_cv_env_LIBS_set=
ac_cv_env_LIBS_value=
ac_cv_env_build_alias_set=set
ac_cv_env_build_alias_value=x86_64-pc-linux-gnu
ac_cv_env_host_alias_set=set
ac_cv_env_host_alias_value=x86_64-pc-linux-gnu
ac_cv_env_target_alias_set=set
ac_cv_env_target_alias_value=i860-stardent-sysv4
ac_cv_func_dlopen=yes
ac_cv_func_fcntl=yes
ac_cv_func_fdopen=yes
ac_cv_func_fileno=yes
ac_cv_func_fopen64=yes
ac_cv_func_fseeko64=yes
ac_cv_func_fseeko=yes
ac_cv_func_ftello64=yes
ac_cv_func_ftello=yes
ac_cv_func_getgid=yes
ac_cv_func_getpagesize=yes
ac_cv_func_getrlimit=yes
ac_cv_func_getuid=yes
ac_cv_func_madvise=yes
ac_cv_func_mmap_fixed_mapped=yes
ac_cv_func_mprotect=yes
ac_cv_func_setitimer=yes
ac_cv_func_shl_load=no
ac_cv_func_strtoull=yes
ac_cv_func_sysconf=yes
ac_cv_have_decl_asprintf=yes
ac_cv_have_decl_basename=yes
ac_cv_have_decl_ffs=yes
ac_cv_have_decl_free=yes
ac_cv_have_decl_fseeko64=yes
ac_cv_have_decl_fseeko=yes
ac_cv_have_decl_ftello64=yes
ac_cv_have_decl_ftello=yes
ac_cv_have_decl_getenv=yes
ac_cv_have_decl_malloc=yes
ac_cv_have_decl_realloc=yes
ac_cv_have_decl_snprintf=yes
ac_cv_have_decl_stpcpy=yes
ac_cv_have_decl_strnlen=yes
ac_cv_have_decl_strstr=yes
ac_cv_have_decl_vasprintf=yes
ac_cv_have_decl_vsnprintf=yes
ac_cv_header_alloca_h=yes
ac_cv_header_dirent_dirent_h=yes
ac_cv_header_dlfcn_h=yes
ac_cv_header_fcntl_h=yes
ac_cv_header_inttypes_h=yes
ac_cv_header_memory_h=yes
ac_cv_header_minix_config_h=no
ac_cv_header_stdc=yes
ac_cv_header_stddef_h=yes
ac_cv_header_stdint_h=yes
ac_cv_header_stdlib_h=yes
ac_cv_header_string_h=yes
ac_cv_header_strings_h=yes
ac_cv_header_sys_file_h=yes
ac_cv_header_sys_resource_h=yes
ac_cv_header_sys_stat_h=yes
ac_cv_header_sys_time_h=yes
ac_cv_header_sys_types_h=yes
ac_cv_header_time=yes
ac_cv_header_time_h=yes
ac_cv_header_unistd_h=yes
ac_cv_header_wchar_h=yes
ac_cv_header_wctype_h=yes
ac_cv_header_windows_h=no
ac_cv_host=x86_64-pc-linux-gnu
ac_cv_lib_dld_shl_load=no
ac_cv_lib_m_cos=yes
ac_cv_objext=o
ac_cv_path_EGREP='/usr/bin/grep -E'
ac_cv_path_FGREP='/usr/bin/grep -F'
ac_cv_path_GMSGFMT=:
ac_cv_path_GREP=/usr/bin/grep
ac_cv_path_MSGFMT=:
ac_cv_path_MSGMERGE=:
ac_cv_path_SED=/usr/bin/sed
ac_cv_path_XGETTEXT=:
ac_cv_path_mkdir=/usr/bin/mkdir
ac_cv_prog_AR=ar
ac_cv_prog_AWK=mawk
ac_cv_prog_CC=gcc
ac_cv_prog_CPP='gcc -E'
ac_cv_prog_OBJDUMP=objdump
ac_cv_prog_RANLIB=ranlib
ac_cv_prog_ac_ct_STRIP=strip
ac_cv_prog_cc_c89=
ac_cv_prog_cc_g=yes
ac_cv_prog_make_make_set=yes
ac_cv_safe_to_define___extensions__=yes
ac_cv_search_dlopen='none required'
ac_cv_search_opendir='none required'
ac_cv_search_strerror='none required'
ac_cv_sizeof_long=8
ac_cv_sizeof_long_long=8
ac_cv_sizeof_off_t=8
ac_cv_sizeof_void_p=8
ac_cv_sys_file_offset_bits=no
ac_cv_sys_largefile_CC=no
ac_cv_target=i860-stardent-sysv4
ac_cv_type_int_fast32_t=yes
ac_cv_type_int_least32_t=yes
ac_cv_type_u_int64_t=no
ac_cv_type_uint64_t=yes
ac_cv_type_uintmax_t=yes
ac_cv_type_uintptr_t=yes
acx_cv_header_stdint=stdint.h
acx_cv_header_stdint_kind='(already complete)'
am_cv_CC_dependencies_compiler_type=gcc3
bfd_cv_ld_as_needed=yes
gcc_cv_header_string=yes
lt_cv_deplibs_check_method=pass_all
lt_cv_dlopen=dlopen
lt_cv_dlopen_libs=
lt_cv_dlopen_self=yes
lt_cv_dlopen_self_static=no
lt_cv_file_magic_cmd='$MAGIC_CMD'
lt_cv_file_magic_test_file=
lt_cv_ld_reload_flag=-r
lt_cv_nm_interface='BSD nm'
lt_cv_objdir=.libs
lt_cv_path_LD=ld
lt_cv_path_NM=nm
lt_cv_prog_compiler_c_o=yes
lt_cv_prog_compiler_pic_works=yes
lt_cv_prog_compiler_rtti_exceptions=no
lt_cv_prog_compiler_static_works=yes
lt_cv_prog_gnu_ld=yes
lt_cv_shlibpath_overrides_runpath=yes
lt_cv_sys_global_symbol_pipe='sed -n -e '\''s/^.*[	 ]\([ABCDGIRSTW][ABCDGIRSTW]*\)[	 ][	 ]*\([_A-Za-z][_A-Za-z0-9]*\)$/\1 \2 \2/p'\'''
lt_cv_sys_global_symbol_to_c_name_address='sed -n -e '\''s/^: \([^ ]*\) $/  {\"\1\", (void *) 0},/p'\'' -e '\''s/^[ABCDGIRSTW]* \([^ ]*\) \([^ ]*\)$/  {"\2", (void *) \&\2},/p'\'''
lt_cv_sys_global_symbol_to_c_name_address_lib_prefix='sed -n -e '\''s/^: \([^ ]*\) $/  {\"\1\", (void *) 0},/p'\'' -e '\''s/^[ABCDGIRSTW]* \([^ ]*\) \(lib[^ ]*\)$/  {"\2", (void *) \&\2},/p'\'' -e '\''s/^[ABCDGIRSTW]* \([^ ]*\) \([^ ]*\)$/  {"lib\2", (void *) \&\2},/p'\'''
lt_cv_sys_global_symbol_to_cdecl='sed -n -e '\''s/^T .* \(.*\)$/extern int \1();/p'\'' -e '\''s/^[ABCDGIRSTW]* .* \(.*\)$/extern char \1;/p'\'''
lt_cv_sys_max_cmd_len=1572864

## ----------------- ##
## Output variables. ##
## ----------------- ##

ACLOCAL='${SHELL} /tmp/binutils-2.26.1/missing --run aclocal-1.11'
AMDEPBACKSLASH='\'
AMDEP_FALSE='#'
AMDEP_TRUE=''
AMTAR='${SHELL} /tmp/binutils-2.26.1/missing --run tar'
AR='ar'
AUTOCONF='${SHELL} /tmp/binutils-2.26.1/missing --run autoconf'
AUTOHEADER='${SHELL} /tmp/binutils-2.26.1/missing --run autoheader'
AUTOMAKE='${SHELL} /tmp/binutils-2.26.1/missing --run automake-1.11'
AWK='mawk'
BFD_HOSTPTR_T='unsigned long'
BFD_HOST_64BIT_LONG='1'
BFD_HOST_64BIT_LONG_LONG='0'
BFD_HOST_64_BIT='long'
BFD_HOST_64_BIT_DEFINED='1'
BFD_HOST_U_64_BIT='unsigned long'
CATALOGS=' da.gmo es.gmo fi.gmo fr.gmo id.gmo ja.gmo ro.gmo ru.gmo rw.gmo sv.gmo tr.gmo uk.gmo vi.gmo zh_CN.gmo da.gmo es.gmo fi.gmo fr.gmo id.gmo ja.gmo ro.gmo ru.gmo rw.gmo sv.gmo tr.gmo uk.gmo vi.gmo zh_CN.gmo'
CATOBJEXT='.gmo'
CC='gcc'
CCDEPMODE='depmode=gcc3'
CC_FOR_BUILD='gcc'
CFLAGS='-g -O2'
COREFILE=''
COREFLAG=''
CPP='gcc -E'
CPPFLAGS=''
CYGPATH_W='echo'
DATADIRNAME='share'
DEBUGDIR='${exec_prefix}/lib/debug'
DEFS='-DHAVE_CONFIG_H'
DEPDIR='.deps'
DSYMUTIL=''
DUMPBIN=''
ECHO_C=''
ECHO_N='-n'
ECHO_T=''
EGREP='/usr/bin/grep -E'
EXEEXT=''
EXEEXT_FOR_BUILD='$(EXEEXT)'
FGREP='/usr/bin/grep -F'
GENCAT='gencat'
GENINSRC_NEVER_FALSE=''
GENINSRC_NEVER_TRUE='#'
GMSGFMT=':'
GREP='/usr/bin/grep'
HDEFINES=''
INCINTL=''
INSTALL_DATA='/usr/bin/install -c -m 644'
INSTALL_LIBBFD_FALSE=''
INSTALL_LIBBFD_TRUE='#'
INSTALL_PROGRAM='/usr/bin/install -c'
INSTALL_SCRIPT='/usr/bin/install -c'
INSTALL_STRIP_PROGRAM='$(install_sh) -c -s'
INSTOBJEXT='.mo'
LD='ld -m elf_x86_64'
LDFLAGS='-static-libstdc++ -static-libgcc '
LIBINTL=''
LIBINTL_DEP=''
LIBM='-lm'
LIBOBJS=''
LIBS=''
LIBTOOL='$(SHELL) $(top_builddir)/libtool'
LIPO=''
LN_S='ln -s'
LTLIBOBJS=''
MAINT='#'
MAINTAINER_MODE_FALSE=''
MAINTAINER_MODE_TRUE='#'
MAKEINFO='/tmp/binutils-2.26.1/missing makeinfo --split-size=5000000'
MKDIR_P='/usr/bin/mkdir -p'
MKINSTALLDIRS='$(top_builddir)/./../mkinstalldirs'
MSGFMT=':'
MSGMERGE=':'
NM='nm'
NMEDIT=''
NO_WERROR=''
OBJDUMP='objdump'
OBJEXT='o'
OTOOL64=''
OTOOL=''
PACKAGE='bfd'
PACKAGE_BUGREPORT=''
PACKAGE_NAME='bfd'
PACKAGE_STRING='bfd 2.26.1'
PACKAGE_TARNAME='bfd'
PACKAGE_URL=''
PACKAGE_VERSION='2.26.1'
PATH_SEPARATOR=':'
PKGVERSION='(GNU Binutils) '
PLUGINS_FALSE='#'
PLUGINS_TRUE=''
POSUB='po'
RANLIB='ranlib'
REPORT_BUGS_TEXI='@uref{http://www.sourceware.org/bugzilla/}'
REPORT_BUGS_TO='<http://www.sourceware.org/bugzilla/>'
SED='/usr/bin/sed'
SET_MAKE=''
SHARED_LDFLAGS=''
SHARED_LIBADD=''
SHELL='/bin/bash'
STRIP='strip'
TDEFINES='  '
USE_NLS='yes'
VERSION='2.26.1'
WARN_CFLAGS='-W -Wall -Wstrict-prototypes -Wmissing-prototypes -Wshadow'
XGETTEXT=':'
ac_ct_CC=''
ac_ct_DUMPBIN=''
all_backends='$(BFD64_BACKENDS) $(BFD32_BACKENDS)'
am__EXEEXT_FALSE=''
am__EXEEXT_TRUE='#'
am__fastdepCC_FALSE='#'
am__fastdepCC_TRUE=''
am__include='include'
am__isrc=''
am__leading_dot='.'
am__quote=''
am__tar='${AMTAR} chof - "$$tardir"'
am__untar='${AMTAR} xf -'
bfd64_libs='$(BFD64_LIBS)'
bfd_backends=' elf32-i860.lo elf32.lo elf.lo elflink.lo elf-attrs.lo elf-strtab.lo elf-eh-frame.lo dwarf1.lo dwarf2.lo elf32-gen.lo plugin.lo'
bfd_default_target_size='32'
bfd_file_ptr='BFD_HOST_64_BIT'
bfd_machines=' cpu-i860.lo cpu-plugin.lo'
bfd_ufile_ptr='BFD_HOST_U_64_BIT'
bfdincludedir='$(exec_prefix)/$(host_noncanonical)/$(target_noncanonical)/include'
bfdlibdir='$(exec_prefix)/$(host_noncanonical)/$(target_noncanonical)/lib'
bindir='${exec_prefix}/bin'
build='x86_64-pc-linux-gnu'
build_alias='x86_64-pc-linux-gnu'
build_cpu='x86_64'
build_os='linux-gnu'
build_vendor='pc'
datadir='${datarootdir}'
datarootdir='${prefix}/share'
docdir='${datarootdir}/doc/${PACKAGE_TARNAME}'
dvidir='${docdir}'
exec_prefix='${prefix}'
havevecs='-DHAVE_i860_elf32_le_vec -DHAVE_i860_elf32_vec -DHAVE_elf32_le_vec -DHAVE_elf32_be_vec -DHAVE_plugin_vec'
host='x86_64-pc-linux-gnu'
host_alias='x86_64-pc-linux-gnu'
host_cpu='x86_64'
host_noncanonical='x86_64-pc-linux-gnu'
host_os='linux-gnu'
host_vendor='pc'
htmldir='${docdir}'
includedir='${prefix}/include'
infodir='${datarootdir}/info'
install_sh='${SHELL} /tmp/binutils-2.26.1/install-sh'
libdir='${exec_prefix}/lib'
libexecdir='${exec_prefix}/libexec'
localedir='${datarootdir}/locale'
localstatedir='${prefix}/var'
lt_cv_dlopen_libs=''
mandir='${datarootdir}/man'
mkdir_p='/usr/bin/mkdir -p'
oldincludedir='/usr/include'
pdfdir='${docdir}'
prefix='/opt/i860'
program_transform_name='s&^&i860-stardent-sysv4-&'
psdir='${docdir}'
sbindir='${exec_prefix}/sbin'
sharedstatedir='${prefix}/com'
supports_plugins='1'
sysconfdir='${prefix}/etc'
target='i860-stardent-sysv4'
target_alias='i860-stardent-sysv4'
target_cpu='i860'
target_noncanonical='i860-stardent-sysv4'
target_os='sysv4'
target_vendor='stardent'
tdefaults=' -DDEFAULT_VECTOR=i860_elf32_le_vec -DSELECT_VECS='\''&i860_elf32_le_vec,&i860_elf32_vec,&elf32_le_vec,&elf32_be_vec,&plugin_vec'\'' -DSELECT_ARCHITECTURES='\''&bfd_i860_arch,&bfd_plugin_arch'\'''
wordsize='64'
zlibdir='-L$(top_builddir)/../zlib'
zlibinc='-I$(top_srcdir)/../zlib'

## ----------- ##
## confdefs.h. ##
## ----------- ##

/* confdefs.h */
#define PACKAGE_NAME "bfd"
#define PACKAGE_TARNAME "bfd"
#define PACKAGE_VERSION "2.26.1"
#define PACKAGE_STRING "bfd 2.26.1"
#define PACKAGE_BUGREPORT ""
#define PACKAGE_URL ""
#define PACKAGE "bfd"
#define VERSION "2.26.1"
#define STDC_HEADERS 1
#define HAVE_SYS_TYPES_H 1
#define HAVE_SYS_STAT_H 1
#define HAVE_STDLIB_H 1
#define HAVE_STRING_H 1
#define HAVE_MEMORY_H 1
#define HAVE_STRINGS_H 1
#define HAVE_INTTYPES_H 1
#define HAVE_STDINT_H 1
#define HAVE_UNISTD_H 1
#define __EXTENSIONS__ 1
#define _ALL_SOURCE 1
#define _GNU_SOURCE 1
#define _POSIX_PTHREAD_SEMANTICS 1
#define _TANDEM_SOURCE 1
#define HAVE_DLFCN_H 1
#define LT_OBJDIR ".libs/"
#define HAVE_DLFCN_H 1
#define USE_SECUREPLT 1
#define ENABLE_NLS 1
#define SIZEOF_LONG_LONG 8
#define SIZEOF_VOID_P 8
#define SIZEOF_LONG 8
#define HAVE_ALLOCA_H 1
#define HAVE_STDDEF_H 1
#define HAVE_STRING_H 1
#define HAVE_STRINGS_H 1
#define HAVE_STDLIB_H 1
#define HAVE_TIME_H 1
#define HAVE_UNISTD_H 1
#define HAVE_WCHAR_H 1
#define HAVE_WCTYPE_H 1
#define HAVE_FCNTL_H 1
#define HAVE_SYS_FILE_H 1
#define HAVE_SYS_TIME_H 1
#define HAVE_SYS_STAT_H 1
#define HAVE_SYS_RESOURCE_H 1
#define TIME_WITH_SYS_TIME 1
#define HAVE_DIRENT_H 1
#define STRING_WITH_STRINGS 1
#define HAVE_FCNTL 1
#define HAVE_GETPAGESIZE 1
#define HAVE_SETITIMER 1
#define HAVE_SYSCONF 1
#define HAVE_FDOPEN 1
#define HAVE_GETUID 1
#define HAVE_GETGID 1
#define HAVE_FILENO 1
#define HAVE_STRTOULL 1
#define HAVE_GETRLIMIT 1
#define HAVE_DECL_BASENAME 1
#define HAVE_DECL_FTELLO 1
#define HAVE_DECL_FTELLO64 1
#define HAVE_DECL_FSEEKO 1
#define HAVE_DECL_FSEEKO64 1
#define HAVE_DECL_FFS 1
#define HAVE_DECL_FREE 1
#define HAVE_DECL_GETENV 1
#define HAVE_DECL_MALLOC 1
#define HAVE_DECL_REALLOC 1
#define HAVE_DECL_STPCPY 1
#define HAVE_DECL_STRSTR 1
#define HAVE_DECL_ASPRINTF 1
#define HAVE_DECL_VASPRINTF 1
#define HAVE_DECL_SNPRINTF 1
#define HAVE_DECL_VSNPRINTF 1
#define HAVE_DECL_STRNLEN 1
#define HAVE_FTELLO 1
#define HAVE_FTELLO64 1
#define HAVE_FSEEKO 1
#define HAVE_FSEEKO64 1
#define HAVE_FOPEN64 1
#define SIZEOF_OFF_T 8
#define HAVE_STDLIB_H 1
#define HAVE_UNISTD_H 1
#define HAVE_GETPAGESIZE 1
#define HAVE_MMAP 1
#define HAVE_MADVISE 1
#define HAVE_MPROTECT 1

configure: exit 0

## ---------------------- ##
## Running config.status. ##
## ---------------------- ##

This file was extended by bfd config.status 2.26.1, which was
generated by GNU Autoconf 2.64.  Invocation command line was

  CONFIG_FILES    = po/Makefile.in:po/Make-in
  CONFIG_HEADERS  = 
  CONFIG_LINKS    = 
  CONFIG_COMMANDS = 
  $ ./config.status 

on msi790

config.status:1229: creating po/Makefile.in
config.status:1449: executing depfiles commands
config.status:1449: executing libtool commands
config.status:1449: executing default-1 commands
config.status:1449: executing bfd_stdint.h commands
config.status:1449: executing default commands
