This file contains any messages produced by compilers while
running configure, to aid debugging if configure makes a mistake.

It was created by binutils configure 2.26.1, which was
generated by GNU Autoconf 2.64.  Invocation command line was

  $ /tmp/binutils-2.26.1/binutils/configure --srcdir=.././binutils --cache-file=./config.cache --with-gnu-as --with-gnu-ld --prefix=/opt/i860 --disable-multilib --program-transform-name=s&^&i860-stardent-sysv4-& --disable-option-checking --build=x86_64-pc-linux-gnu --host=x86_64-pc-linux-gnu --target=i860-stardent-sysv4

## --------- ##
## Platform. ##
## --------- ##

hostname = msi790
uname -m = x86_64
uname -r = 6.8.0-47-generic
uname -s = Linux
uname -v = #47~22.04.1-Ubuntu SMP PREEMPT_DYNAMIC Wed Oct  2 16:16:55 UTC 2

/usr/bin/uname -p = x86_64
/bin/uname -X     = unknown

/bin/arch              = x86_64
/usr/bin/arch -k       = unknown
/usr/convex/getsysinfo = unknown
/usr/bin/hostinfo      = unknown
/bin/machine           = unknown
/usr/bin/oslevel       = unknown
/bin/universe          = unknown

PATH: /opt/i860/bin
PATH: /opt/intel/oneapi/compiler/2023.2.0/linux/bin/intel64
PATH: /opt/nvidia/hpc_sdk/Linux_x86_64/23.7/comm_libs/mpi/bin
PATH: /opt/nvidia/hpc_sdk/Linux_x86_64/23.7/compilers/bin
PATH: /opt/anaconda3/bin
PATH: /home/milarson/.local/bin
PATH: /opt/nvidia/hpc_sdk/Linux_x86_64/23.7/compilers/bin
PATH: /usr/local/sbin
PATH: /usr/local/bin
PATH: /usr/sbin
PATH: /usr/bin
PATH: /sbin
PATH: /bin
PATH: /usr/games
PATH: /usr/local/games
PATH: /snap/bin
PATH: /opt/Xilinx/14.7/ISE_DS/ISE/bin/lin64
PATH: /opt/gcc-lm32/bin
PATH: /opt/Xilinx/14.7/ISE_DS/ISE/bin/lin64/
PATH: /opt/Xilinx/14.7/ISE_DS/EDK/bin/lin64/
PATH: /home/milarson/.local/bin


## ----------- ##
## Core tests. ##
## ----------- ##

configure:2446: creating cache ./config.cache
configure:2551: checking build system type
configure:2565: result: x86_64-pc-linux-gnu
configure:2585: checking host system type
configure:2598: result: x86_64-pc-linux-gnu
configure:2618: checking target system type
configure:2631: result: i860-stardent-sysv4
configure:2665: checking for x86_64-pc-linux-gnu-gcc
configure:2692: result: gcc
configure:2961: checking for C compiler version
configure:2970: gcc --version >&5
gcc (Ubuntu 11.4.0-1ubuntu1~22.04) 11.4.0
Copyright (C) 2021 Free Software Foundation, Inc.
This is free software; see the source for copying conditions.  There is NO
warranty; not even for MERCHANTABILITY or FITNESS FOR A PARTICULAR PURPOSE.

configure:2981: $? = 0
configure:2970: gcc -v >&5
Using built-in specs.
COLLECT_GCC=gcc
COLLECT_LTO_WRAPPER=/usr/lib/gcc/x86_64-linux-gnu/11/lto-wrapper
OFFLOAD_TARGET_NAMES=nvptx-none:amdgcn-amdhsa
OFFLOAD_TARGET_DEFAULT=1
Target: x86_64-linux-gnu
Configured with: ../src/configure -v --with-pkgversion='Ubuntu 11.4.0-1ubuntu1~22.04' --with-bugurl=file:///usr/share/doc/gcc-11/README.Bugs --enable-languages=c,ada,c++,go,brig,d,fortran,objc,obj-c++,m2 --prefix=/usr --with-gcc-major-version-only --program-suffix=-11 --program-prefix=x86_64-linux-gnu- --enable-shared --enable-linker-build-id --libexecdir=/usr/lib --without-included-gettext --enable-threads=posix --libdir=/usr/lib --enable-nls --enable-bootstrap --enable-clocale=gnu --enable-libstdcxx-debug --enable-libstdcxx-time=yes --with-default-libstdcxx-abi=new --enable-gnu-unique-object --disable-vtable-verify --enable-plugin --enable-default-pie --with-system-zlib --enable-libphobos-checking=release --with-target-system-zlib=auto --enable-objc-gc=auto --enable-multiarch --disable-werror --enable-cet --with-arch-32=i686 --with-abi=m64 --with-multilib-list=m32,m64,mx32 --enable-multilib --with-tune=generic --enable-offload-targets=nvptx-none=/build/gcc-11-XeT9lY/gcc-11-11.4.0/debian/tmp-nvptx/usr,amdgcn-amdhsa=/build/gcc-11-XeT9lY/gcc-11-11.4.0/debian/tmp-gcn/usr --without-cuda-driver --enable-checking=release --build=x86_64-linux-gnu --host=x86_64-linux-gnu --target=x86_64-linux-gnu --with-build-config=bootstrap-lto-lean --enable-link-serialization=2
Thread model: posix
Supported LTO compression algorithms: zlib zstd
gcc version 11.4.0 (Ubuntu 11.4.0-1ubuntu1~22.04) 
... rest of stderr output deleted ...
configure:2981: $? = 0
configure:2970: gcc -V >&5
gcc: error: unrecognized command-line option '-V'
gcc: fatal error: no input files
compilation terminated.
configure:2981: $? = 1
configure:2970: gcc -qversion >&5
gcc: error: unrecognized command-line option '-qversion'; did you mean '--version'?
gcc: fatal error: no input files
compilation terminated.
configure:2981: $? = 1
configure:3001: checking for C compiler default output file name
configure:3023: gcc -g -O2  -static-libstdc++ -static-libgcc  conftest.c  >&5
configure:3027: $? = 0
configure:3064: result: a.out
configure:3080: checking whether the C compiler works
configure:3089: ./a.out
configure:3093: $? = 0
configure:3108: result: yes
configure:3115: checking whether we are cross compiling
configure:3117: result: no
configure:3120: checking for suffix of executables
configure:3127: gcc -o conftest -g -O2  -static-libstdc++ -static-libgcc  conftest.c  >&5
configure:3131: $? = 0
configure:3153: result: 
configure:3159: checking for suffix of object files
configure:3181: gcc -c -g -O2  conftest.c >&5
configure:3185: $? = 0
configure:3206: result: o
configure:3210: checking whether we are using the GNU C compiler
configure:3229: gcc -c -g -O2  conftest.c >&5
configure:3229: $? = 0
configure:3238: result: yes
configure:3247: checking whether gcc accepts -g
configure:3267: gcc -c -g  conftest.c >&5
configure:3267: $? = 0
configure:3308: result: yes
configure:3325: checking for gcc option to accept ISO C89
configure:3389: gcc  -c -g -O2  conftest.c >&5
configure:3389: $? = 0
configure:3402: result: none needed
configure:3423: checking for library containing strerror
configure:3454: gcc -o conftest -g -O2  -static-libstdc++ -static-libgcc  conftest.c  >&5
configure:3454: $? = 0
configure:3471: result: none required
configure:3496: checking for a BSD-compatible install
configure:3564: result: /usr/bin/install -c
configure:3575: checking whether build environment is sane
configure:3625: result: yes
configure:3766: checking for a thread-safe mkdir -p
configure:3805: result: /usr/bin/mkdir -p
configure:3818: checking for gawk
configure:3845: result: mawk
configure:3856: checking whether make sets $(MAKE)
configure:3878: result: yes
configure:3908: checking for style of include used by make
configure:3936: result: GNU
configure:4021: checking dependency style of gcc
configure:4131: result: gcc3
configure:4156: checking for x86_64-pc-linux-gnu-gcc
configure:4183: result: gcc
configure:4452: checking for C compiler version
configure:4461: gcc --version >&5
gcc (Ubuntu 11.4.0-1ubuntu1~22.04) 11.4.0
Copyright (C) 2021 Free Software Foundation, Inc.
This is free software; see the source for copying conditions.  There is NO
warranty; not even for MERCHANTABILITY or FITNESS FOR A PARTICULAR PURPOSE.

configure:4472: $? = 0
configure:4461: gcc -v >&5
Using built-in specs.
COLLECT_GCC=gcc
COLLECT_LTO_WRAPPER=/usr/lib/gcc/x86_64-linux-gnu/11/lto-wrapper
OFFLOAD_TARGET_NAMES=nvptx-none:amdgcn-amdhsa
OFFLOAD_TARGET_DEFAULT=1
Target: x86_64-linux-gnu
Configured with: ../src/configure -v --with-pkgversion='Ubuntu 11.4.0-1ubuntu1~22.04' --with-bugurl=file:///usr/share/doc/gcc-11/README.Bugs --enable-languages=c,ada,c++,go,brig,d,fortran,objc,obj-c++,m2 --prefix=/usr --with-gcc-major-version-only --program-suffix=-11 --program-prefix=x86_64-linux-gnu- --enable-shared --enable-linker-build-id --libexecdir=/usr/lib --without-included-gettext --enable-threads=posix --libdir=/usr/lib --enable-nls --enable-bootstrap --enable-clocale=gnu --enable-libstdcxx-debug --enable-libstdcxx-time=yes --with-default-libstdcxx-abi=new --enable-gnu-unique-object --disable-vtable-verify --enable-plugin --enable-default-pie --with-system-zlib --enable-libphobos-checking=release --with-target-system-zlib=auto --enable-objc-gc=auto --enable-multiarch --disable-werror --enable-cet --with-arch-32=i686 --with-abi=m64 --with-multilib-list=m32,m64,mx32 --enable-multilib --with-tune=generic --enable-offload-targets=nvptx-none=/build/gcc-11-XeT9lY/gcc-11-11.4.0/debian/tmp-nvptx/usr,amdgcn-amdhsa=/build/gcc-11-XeT9lY/gcc-11-11.4.0/debian/tmp-gcn/usr --without-cuda-driver --enable-checking=release --build=x86_64-linux-gnu --host=x86_64-linux-gnu --target=x86_64-linux-gnu --with-build-config=bootstrap-lto-lean --enable-link-serialization=2
Thread model: posix
Supported LTO compression algorithms: zlib zstd
gcc version 11.4.0 (Ubuntu 11.4.0-1ubuntu1~22.04) 
... rest of stderr output deleted ...
configure:4472: $? = 0
configure:4461: gcc -V >&5
gcc: error: unrecognized command-line option '-V'
gcc: fatal error: no input files
compilation terminated.
configure:4472: $? = 1
configure:4461: gcc -qversion >&5
gcc: error: unrecognized command-line option '-qversion'; did you mean '--version'?
gcc: fatal error: no input files
compilation terminated.
configure:4472: $? = 1
configure:4476: checking whether we are using the GNU C compiler
configure:4504: result: yes
configure:4513: checking whether gcc accepts -g
configure:4574: result: yes
configure:4591: checking for gcc option to accept ISO C89
configure:4668: result: none needed
configure:4693: checking how to run the C preprocessor
configure:4724: gcc -E  conftest.c
configure:4724: $? = 0
configure:4738: gcc -E  conftest.c
conftest.c:11:10: fatal error: ac_nonexistent.h: No such file or directory
   11 | #include <ac_nonexistent.h>
      |          ^~~~~~~~~~~~~~~~~~
compilation terminated.
configure:4738: $? = 1
configure: failed program was:
| /* confdefs.h */
| #define PACKAGE_NAME "binutils"
| #define PACKAGE_TARNAME "binutils"
| #define PACKAGE_VERSION "2.26.1"
| #define PACKAGE_STRING "binutils 2.26.1"
| #define PACKAGE_BUGREPORT ""
| #define PACKAGE_URL ""
| #define PACKAGE "binutils"
| #define VERSION "2.26.1"
| /* end confdefs.h.  */
| #include <ac_nonexistent.h>
configure:4763: result: gcc -E
configure:4783: gcc -E  conftest.c
configure:4783: $? = 0
configure:4797: gcc -E  conftest.c
conftest.c:11:10: fatal error: ac_nonexistent.h: No such file or directory
   11 | #include <ac_nonexistent.h>
      |          ^~~~~~~~~~~~~~~~~~
compilation terminated.
configure:4797: $? = 1
configure: failed program was:
| /* confdefs.h */
| #define PACKAGE_NAME "binutils"
| #define PACKAGE_TARNAME "binutils"
| #define PACKAGE_VERSION "2.26.1"
| #define PACKAGE_STRING "binutils 2.26.1"
| #define PACKAGE_BUGREPORT ""
| #define PACKAGE_URL ""
| #define PACKAGE "binutils"
| #define VERSION "2.26.1"
| /* end confdefs.h.  */
| #include <ac_nonexistent.h>
configure:4826: checking for grep that handles long lines and -e
configure:4884: result: /usr/bin/grep
configure:4889: checking for egrep
configure:4951: result: /usr/bin/grep -E
configure:4956: checking for ANSI C header files
configure:4976: gcc -c -g -O2  conftest.c >&5
configure:4976: $? = 0
configure:5049: gcc -o conftest -g -O2  -static-libstdc++ -static-libgcc  conftest.c  >&5
configure:5049: $? = 0
configure:5049: ./conftest
configure:5049: $? = 0
configure:5060: result: yes
configure:5073: checking for sys/types.h
configure:5073: gcc -c -g -O2  conftest.c >&5
configure:5073: $? = 0
configure:5073: result: yes
configure:5073: checking for sys/stat.h
configure:5073: gcc -c -g -O2  conftest.c >&5
configure:5073: $? = 0
configure:5073: result: yes
configure:5073: checking for stdlib.h
configure:5073: gcc -c -g -O2  conftest.c >&5
configure:5073: $? = 0
configure:5073: result: yes
configure:5073: checking for string.h
configure:5073: gcc -c -g -O2  conftest.c >&5
configure:5073: $? = 0
configure:5073: result: yes
configure:5073: checking for memory.h
configure:5073: gcc -c -g -O2  conftest.c >&5
configure:5073: $? = 0
configure:5073: result: yes
configure:5073: checking for strings.h
configure:5073: gcc -c -g -O2  conftest.c >&5
configure:5073: $? = 0
configure:5073: result: yes
configure:5073: checking for inttypes.h
configure:5073: gcc -c -g -O2  conftest.c >&5
configure:5073: $? = 0
configure:5073: result: yes
configure:5073: checking for stdint.h
configure:5073: gcc -c -g -O2  conftest.c >&5
configure:5073: $? = 0
configure:5073: result: yes
configure:5073: checking for unistd.h
configure:5073: gcc -c -g -O2  conftest.c >&5
configure:5073: $? = 0
configure:5073: result: yes
configure:5087: checking minix/config.h usability
configure:5087: gcc -c -g -O2  conftest.c >&5
conftest.c:54:10: fatal error: minix/config.h: No such file or directory
   54 | #include <minix/config.h>
      |          ^~~~~~~~~~~~~~~~
compilation terminated.
configure:5087: $? = 1
configure: failed program was:
| /* confdefs.h */
| #define PACKAGE_NAME "binutils"
| #define PACKAGE_TARNAME "binutils"
| #define PACKAGE_VERSION "2.26.1"
| #define PACKAGE_STRING "binutils 2.26.1"
| #define PACKAGE_BUGREPORT ""
| #define PACKAGE_URL ""
| #define PACKAGE "binutils"
| #define VERSION "2.26.1"
| #define STDC_HEADERS 1
| #define HAVE_SYS_TYPES_H 1
| #define HAVE_SYS_STAT_H 1
| #define HAVE_STDLIB_H 1
| #define HAVE_STRING_H 1
| #define HAVE_MEMORY_H 1
| #define HAVE_STRINGS_H 1
| #define HAVE_INTTYPES_H 1
| #define HAVE_STDINT_H 1
| #define HAVE_UNISTD_H 1
| /* end confdefs.h.  */
| #include <stdio.h>
| #ifdef HAVE_SYS_TYPES_H
| # include <sys/types.h>
| #endif
| #ifdef HAVE_SYS_STAT_H
| # include <sys/stat.h>
| #endif
| #ifdef STDC_HEADERS
| # include <stdlib.h>
| # include <stddef.h>
| #else
| # ifdef HAVE_STDLIB_H
| #  include <stdlib.h>
| # endif
| #endif
| #ifdef HAVE_STRING_H
| # if !defined STDC_HEADERS && defined HAVE_MEMORY_H
| #  include <memory.h>
| # endif
| # include <string.h>
| #endif
| #ifdef HAVE_STRINGS_H
| # include <strings.h>
| #endif
| #ifdef HAVE_INTTYPES_H
| # include <inttypes.h>
| #endif
| #ifdef HAVE_STDINT_H
| # include <stdint.h>
| #endif
| #ifdef HAVE_UNISTD_H
| # include <unistd.h>
| #endif
| #include <minix/config.h>
configure:5087: result: no
configure:5087: checking minix/config.h presence
configure:5087: gcc -E  conftest.c
conftest.c:21:10: fatal error: minix/config.h: No such file or directory
   21 | #include <minix/config.h>
      |          ^~~~~~~~~~~~~~~~
compilation terminated.
configure:5087: $? = 1
configure: failed program was:
| /* confdefs.h */
| #define PACKAGE_NAME "binutils"
| #define PACKAGE_TARNAME "binutils"
| #define PACKAGE_VERSION "2.26.1"
| #define PACKAGE_STRING "binutils 2.26.1"
| #define PACKAGE_BUGREPORT ""
| #define PACKAGE_URL ""
| #define PACKAGE "binutils"
| #define VERSION "2.26.1"
| #define STDC_HEADERS 1
| #define HAVE_SYS_TYPES_H 1
| #define HAVE_SYS_STAT_H 1
| #define HAVE_STDLIB_H 1
| #define HAVE_STRING_H 1
| #define HAVE_MEMORY_H 1
| #define HAVE_STRINGS_H 1
| #define HAVE_INTTYPES_H 1
| #define HAVE_STDINT_H 1
| #define HAVE_UNISTD_H 1
| /* end confdefs.h.  */
| #include <minix/config.h>
configure:5087: result: no
configure:5087: checking for minix/config.h
configure:5087: result: no
configure:5108: checking whether it is safe to define __EXTENSIONS__
configure:5126: gcc -c -g -O2  conftest.c >&5
configure:5126: $? = 0
configure:5133: result: yes
configure:5196: checking how to print strings
configure:5223: result: printf
configure:5244: checking for a sed that does not truncate output
configure:5308: result: /usr/bin/sed
configure:5326: checking for fgrep
configure:5388: result: /usr/bin/grep -F
configure:5423: checking for ld used by gcc
configure:5490: result: ld
configure:5497: checking if the linker (ld) is GNU ld
configure:5512: result: yes
configure:5524: checking for BSD- or MS-compatible name lister (nm)
configure:5573: result: nm
configure:5703: checking the name lister (nm) interface
configure:5710: gcc -c -g -O2  conftest.c >&5
configure:5713: nm "conftest.o"
configure:5716: output
0000000000000000 B some_variable
configure:5723: result: BSD nm
configure:5726: checking whether ln -s works
configure:5730: result: yes
configure:5738: checking the maximum length of command line arguments
configure:5863: result: 1572864
configure:5880: checking whether the shell understands some XSI constructs
configure:5890: result: yes
configure:5894: checking whether the shell understands "+="
configure:5900: result: yes
configure:5935: checking for ld option to reload object files
configure:5942: result: -r
configure:5971: checking for x86_64-pc-linux-gnu-objdump
configure:5998: result: objdump
configure:6070: checking how to recognize dependent libraries
configure:6271: result: pass_all
configure:6291: checking for x86_64-pc-linux-gnu-ar
configure:6318: result: ar
configure:6396: checking for x86_64-pc-linux-gnu-strip
configure:6426: result: no
configure:6436: checking for strip
configure:6452: found /usr/bin/strip
configure:6463: result: strip
configure:6495: checking for x86_64-pc-linux-gnu-ranlib
configure:6522: result: ranlib
configure:6664: checking command to parse nm output from gcc object
configure:6782: gcc -c -g -O2  conftest.c >&5
configure:6785: $? = 0
configure:6789: nm conftest.o \| sed -n -e 's/^.*[ ]\([ABCDGIRSTW][ABCDGIRSTW]*\)[ ][ ]*\([_A-Za-z][_A-Za-z0-9]*\)$/\1 \2 \2/p' \> conftest.nm
configure:6792: $? = 0
configure:6846: gcc -o conftest -g -O2  -static-libstdc++ -static-libgcc  conftest.c conftstm.o >&5
configure:6849: $? = 0
configure:6887: result: ok
configure:6982: gcc -c -g -O2  conftest.c >&5
configure:6985: $? = 0
configure:7735: checking for dlfcn.h
configure:7735: gcc -c -g -O2  conftest.c >&5
configure:7735: $? = 0
configure:7735: result: yes
configure:7922: checking for objdir
configure:7937: result: .libs
configure:8208: checking if gcc supports -fno-rtti -fno-exceptions
configure:8226: gcc -c -g -O2  -fno-rtti -fno-exceptions conftest.c >&5
cc1: warning: command-line option '-fno-rtti' is valid for C++/D/ObjC++ but not for C
configure:8230: $? = 0
configure:8243: result: no
configure:8263: checking for gcc option to produce PIC
configure:8549: result: -fPIC -DPIC
configure:8561: checking if gcc PIC flag -fPIC -DPIC works
configure:8579: gcc -c -g -O2  -fPIC -DPIC -DPIC conftest.c >&5
configure:8583: $? = 0
configure:8596: result: yes
configure:8620: checking if gcc static flag -static works
configure:8648: result: yes
configure:8663: checking if gcc supports -c -o file.o
configure:8684: gcc -c -g -O2  -o out/conftest2.o conftest.c >&5
configure:8688: $? = 0
configure:8710: result: yes
configure:8718: checking if gcc supports -c -o file.o
configure:8765: result: yes
configure:8798: checking whether the gcc linker (ld -m elf_x86_64) supports shared libraries
configure:9869: result: yes
configure:9906: checking whether -lc should be explicitly linked in
configure:9914: gcc -c -g -O2  conftest.c >&5
configure:9917: $? = 0
configure:9932: gcc -shared  -fPIC -DPIC conftest.o  -v -Wl,-soname -Wl,conftest -o conftest 2\>\&1 \| /usr/bin/grep  -lc  \>/dev/null 2\>\&1
configure:9935: $? = 0
configure:9949: result: no
configure:10114: checking dynamic linker characteristics
configure:10565: gcc -o conftest -g -O2  -static-libstdc++ -static-libgcc  -Wl,-rpath -Wl,/foo conftest.c  >&5
configure:10565: $? = 0
configure:10787: result: GNU/Linux ld.so
configure:10894: checking how to hardcode library paths into programs
configure:10919: result: immediate
configure:11459: checking whether stripping libraries is possible
configure:11464: result: yes
configure:11499: checking if libtool supports shared libraries
configure:11501: result: yes
configure:11504: checking whether to build shared libraries
configure:11525: result: yes
configure:11528: checking whether to build static libraries
configure:11532: result: yes
configure:11580: checking for dlfcn.h
configure:11580: result: yes
configure:11593: checking for windows.h
configure:11593: gcc -c -g -O2  conftest.c >&5
conftest.c:63:10: fatal error: windows.h: No such file or directory
   63 | #include <windows.h>
      |          ^~~~~~~~~~~
compilation terminated.
configure:11593: $? = 1
configure: failed program was:
| /* confdefs.h */
| #define PACKAGE_NAME "binutils"
| #define PACKAGE_TARNAME "binutils"
| #define PACKAGE_VERSION "2.26.1"
| #define PACKAGE_STRING "binutils 2.26.1"
| #define PACKAGE_BUGREPORT ""
| #define PACKAGE_URL ""
| #define PACKAGE "binutils"
| #define VERSION "2.26.1"
| #define STDC_HEADERS 1
| #define HAVE_SYS_TYPES_H 1
| #define HAVE_SYS_STAT_H 1
| #define HAVE_STDLIB_H 1
| #define HAVE_STRING_H 1
| #define HAVE_MEMORY_H 1
| #define HAVE_STRINGS_H 1
| #define HAVE_INTTYPES_H 1
| #define HAVE_STDINT_H 1
| #define HAVE_UNISTD_H 1
| #define __EXTENSIONS__ 1
| #define _ALL_SOURCE 1
| #define _GNU_SOURCE 1
| #define _POSIX_PTHREAD_SEMANTICS 1
| #define _TANDEM_SOURCE 1
| #define HAVE_DLFCN_H 1
| #define LT_OBJDIR ".libs/"
| #define HAVE_DLFCN_H 1
| /* end confdefs.h.  */
| #include <stdio.h>
| #ifdef HAVE_SYS_TYPES_H
| # include <sys/types.h>
| #endif
| #ifdef HAVE_SYS_STAT_H
| # include <sys/stat.h>
| #endif
| #ifdef STDC_HEADERS
| # include <stdlib.h>
| # include <stddef.h>
| #else
| # ifdef HAVE_STDLIB_H
| #  include <stdlib.h>
| # endif
| #endif
| #ifdef HAVE_STRING_H
| # if !defined STDC_HEADERS && defined HAVE_MEMORY_H
| #  include <memory.h>
| # endif
| # include <string.h>
| #endif
| #ifdef HAVE_STRINGS_H
| # include <strings.h>
| #endif
| #ifdef HAVE_INTTYPES_H
| # include <inttypes.h>
| #endif
| #ifdef HAVE_STDINT_H
| # include <stdint.h>
| #endif
| #ifdef HAVE_UNISTD_H
| # include <unistd.h>
| #endif
| 
| #include <windows.h>
configure:11593: result: no
configure:11620: checking for library containing dlopen
configure:11651: gcc -o conftest -g -O2  -static-libstdc++ -static-libgcc  conftest.c  >&5
configure:11651: $? = 0
configure:11668: result: none required
configure:11699: checking for special C compiler options needed for large files
configure:11744: result: no
configure:11750: checking for _FILE_OFFSET_BITS value needed for large files
configure:11775: gcc -c -g -O2  conftest.c >&5
configure:11775: $? = 0
configure:11807: result: no
configure:12033: checking for bison
configure:12060: result: /tmp/binutils-2.26.1/missing bison -y
configure:12076: checking for flex
configure:12103: result: /tmp/binutils-2.26.1/missing flex
configure:12248: checking whether NLS is requested
configure:12254: result: yes
configure:12260: checking for catalogs to be installed
configure:12292: result:  bg ca da es fi fr hr id it ja ro ru rw sk sr sv tr uk vi zh_CN zh_TW bg ca da es fi fr hr id it ja ro ru rw sk sr sv tr uk vi zh_CN zh_TW
configure:12319: checking whether NLS is requested
configure:12328: result: yes
configure:12366: checking for msgfmt
configure:12400: result: no
configure:12406: checking for gmsgfmt
configure:12437: result: :
configure:12477: checking for xgettext
configure:12511: result: no
configure:12548: checking for msgmerge
configure:12581: result: no
configure:12615: checking whether to enable maintainer-specific portions of Makefiles
configure:12624: result: no
configure:12669: checking for x86_64-pc-linux-gnu-ranlib
configure:12696: result: ranlib
configure:12809: checking size of long
configure:12814: gcc -o conftest -g -O2  -static-libstdc++ -static-libgcc  conftest.c  >&5
configure:12814: $? = 0
configure:12814: ./conftest
configure:12814: $? = 0
configure:12829: result: 8
configure:12839: checking for long long
configure:12839: gcc -c -g -O2  conftest.c >&5
configure:12839: $? = 0
configure:12839: gcc -c -g -O2  conftest.c >&5
conftest.c: In function 'main':
conftest.c:70:24: error: expected expression before ')' token
   70 | if (sizeof ((long long)))
      |                        ^
configure:12839: $? = 1
configure: failed program was:
| /* confdefs.h */
| #define PACKAGE_NAME "binutils"
| #define PACKAGE_TARNAME "binutils"
| #define PACKAGE_VERSION "2.26.1"
| #define PACKAGE_STRING "binutils 2.26.1"
| #define PACKAGE_BUGREPORT ""
| #define PACKAGE_URL ""
| #define PACKAGE "binutils"
| #define VERSION "2.26.1"
| #define STDC_HEADERS 1
| #define HAVE_SYS_TYPES_H 1
| #define HAVE_SYS_STAT_H 1
| #define HAVE_STDLIB_H 1
| #define HAVE_STRING_H 1
| #define HAVE_MEMORY_H 1
| #define HAVE_STRINGS_H 1
| #define HAVE_INTTYPES_H 1
| #define HAVE_STDINT_H 1
| #define HAVE_UNISTD_H 1
| #define __EXTENSIONS__ 1
| #define _ALL_SOURCE 1
| #define _GNU_SOURCE 1
| #define _POSIX_PTHREAD_SEMANTICS 1
| #define _TANDEM_SOURCE 1
| #define HAVE_DLFCN_H 1
| #define LT_OBJDIR ".libs/"
| #define HAVE_DLFCN_H 1
| #define DEFAULT_AR_DETERMINISTIC 0
| #define DEFAULT_STRINGS_ALL 1
| #define ENABLE_NLS 1
| #define EXECUTABLE_SUFFIX ""
| #define SIZEOF_LONG 8
| /* end confdefs.h.  */
| #include <stdio.h>
| #ifdef HAVE_SYS_TYPES_H
| # include <sys/types.h>
| #endif
| #ifdef HAVE_SYS_STAT_H
| # include <sys/stat.h>
| #endif
| #ifdef STDC_HEADERS
| # include <stdlib.h>
| # include <stddef.h>
| #else
| # ifdef HAVE_STDLIB_H
| #  include <stdlib.h>
| # endif
| #endif
| #ifdef HAVE_STRING_H
| # if !defined STDC_HEADERS && defined HAVE_MEMORY_H
| #  include <memory.h>
| # endif
| # include <string.h>
| #endif
| #ifdef HAVE_STRINGS_H
| # include <strings.h>
| #endif
| #ifdef HAVE_INTTYPES_H
| # include <inttypes.h>
| #endif
| #ifdef HAVE_STDINT_H
| # include <stdint.h>
| #endif
| #ifdef HAVE_UNISTD_H
| # include <unistd.h>
| #endif
| int
| main ()
| {
| if (sizeof ((long long)))
| 	    return 0;
|   ;
|   return 0;
| }
configure:12839: result: yes
configure:12850: checking size of long long
configure:12855: gcc -o conftest -g -O2  -static-libstdc++ -static-libgcc  conftest.c  >&5
configure:12855: $? = 0
configure:12855: ./conftest
configure:12855: $? = 0
configure:12870: result: 8
configure:12886: checking for string.h
configure:12886: result: yes
configure:12886: checking for strings.h
configure:12886: result: yes
configure:12886: checking for stdlib.h
configure:12886: result: yes
configure:12886: checking for unistd.h
configure:12886: result: yes
configure:12886: checking fcntl.h usability
configure:12886: gcc -c -g -O2  conftest.c >&5
configure:12886: $? = 0
configure:12886: result: yes
configure:12886: checking fcntl.h presence
configure:12886: gcc -E  conftest.c
configure:12886: $? = 0
configure:12886: result: yes
configure:12886: checking for fcntl.h
configure:12886: result: yes
configure:12886: checking sys/file.h usability
configure:12886: gcc -c -g -O2  conftest.c >&5
configure:12886: $? = 0
configure:12886: result: yes
configure:12886: checking sys/file.h presence
configure:12886: gcc -E  conftest.c
configure:12886: $? = 0
configure:12886: result: yes
configure:12886: checking for sys/file.h
configure:12886: result: yes
configure:12886: checking limits.h usability
configure:12886: gcc -c -g -O2  conftest.c >&5
configure:12886: $? = 0
configure:12886: result: yes
configure:12886: checking limits.h presence
configure:12886: gcc -E  conftest.c
configure:12886: $? = 0
configure:12886: result: yes
configure:12886: checking for limits.h
configure:12886: result: yes
configure:12886: checking locale.h usability
configure:12886: gcc -c -g -O2  conftest.c >&5
configure:12886: $? = 0
configure:12886: result: yes
configure:12886: checking locale.h presence
configure:12886: gcc -E  conftest.c
configure:12886: $? = 0
configure:12886: result: yes
configure:12886: checking for locale.h
configure:12886: result: yes
configure:12886: checking sys/param.h usability
configure:12886: gcc -c -g -O2  conftest.c >&5
configure:12886: $? = 0
configure:12886: result: yes
configure:12886: checking sys/param.h presence
configure:12886: gcc -E  conftest.c
configure:12886: $? = 0
configure:12886: result: yes
configure:12886: checking for sys/param.h
configure:12886: result: yes
configure:12886: checking wchar.h usability
configure:12886: gcc -c -g -O2  conftest.c >&5
configure:12886: $? = 0
configure:12886: result: yes
configure:12886: checking wchar.h presence
configure:12886: gcc -E  conftest.c
configure:12886: $? = 0
configure:12886: result: yes
configure:12886: checking for wchar.h
configure:12886: result: yes
configure:12897: checking for sys/wait.h that is POSIX.1 compatible
configure:12923: gcc -c -g -O2  conftest.c >&5
configure:12923: $? = 0
configure:12930: result: yes
configure:12938: checking whether string.h and strings.h may both be included
configure:12955: gcc -c -g -O2  conftest.c >&5
configure:12955: $? = 0
configure:12962: result: yes
configure:12972: checking for working alloca.h
configure:12989: gcc -o conftest -g -O2  -static-libstdc++ -static-libgcc  conftest.c  >&5
configure:12989: $? = 0
configure:12997: result: yes
configure:13005: checking for alloca
configure:13042: gcc -o conftest -g -O2  -static-libstdc++ -static-libgcc  conftest.c  >&5
configure:13042: $? = 0
configure:13050: result: yes
configure:13163: checking for sbrk
configure:13163: gcc -o conftest -g -O2  -static-libstdc++ -static-libgcc  conftest.c  >&5
configure:13163: $? = 0
configure:13163: result: yes
configure:13163: checking for utimes
configure:13163: gcc -o conftest -g -O2  -static-libstdc++ -static-libgcc  conftest.c  >&5
configure:13163: $? = 0
configure:13163: result: yes
configure:13163: checking for setmode
configure:13163: gcc -o conftest -g -O2  -static-libstdc++ -static-libgcc  conftest.c  >&5
/usr/bin/ld: /tmp/cc2hfvs6.o: in function `main':
/tmp/binutils-2.26.1/binutils/conftest.c:86: undefined reference to `setmode'
collect2: error: ld returned 1 exit status
configure:13163: $? = 1
configure: failed program was:
| /* confdefs.h */
| #define PACKAGE_NAME "binutils"
| #define PACKAGE_TARNAME "binutils"
| #define PACKAGE_VERSION "2.26.1"
| #define PACKAGE_STRING "binutils 2.26.1"
| #define PACKAGE_BUGREPORT ""
| #define PACKAGE_URL ""
| #define PACKAGE "binutils"
| #define VERSION "2.26.1"
| #define STDC_HEADERS 1
| #define HAVE_SYS_TYPES_H 1
| #define HAVE_SYS_STAT_H 1
| #define HAVE_STDLIB_H 1
| #define HAVE_STRING_H 1
| #define HAVE_MEMORY_H 1
| #define HAVE_STRINGS_H 1
| #define HAVE_INTTYPES_H 1
| #define HAVE_STDINT_H 1
| #define HAVE_UNISTD_H 1
| #define __EXTENSIONS__ 1
| #define _ALL_SOURCE 1
| #define _GNU_SOURCE 1
| #define _POSIX_PTHREAD_SEMANTICS 1
| #define _TANDEM_SOURCE 1
| #define HAVE_DLFCN_H 1
| #define LT_OBJDIR ".libs/"
| #define HAVE_DLFCN_H 1
| #define DEFAULT_AR_DETERMINISTIC 0
| #define DEFAULT_STRINGS_ALL 1
| #define ENABLE_NLS 1
| #define EXECUTABLE_SUFFIX ""
| #define SIZEOF_LONG 8
| #define HAVE_LONG_LONG 1
| #define SIZEOF_LONG_LONG 8
| #define HAVE_STRING_H 1
| #define HAVE_STRINGS_H 1
| #define HAVE_STDLIB_H 1
| #define HAVE_UNISTD_H 1
| #define HAVE_FCNTL_H 1
| #define HAVE_SYS_FILE_H 1
| #define HAVE_LIMITS_H 1
| #define HAVE_LOCALE_H 1
| #define HAVE_SYS_PARAM_H 1
| #define HAVE_WCHAR_H 1
| #define HAVE_SYS_WAIT_H 1
| #define STRING_WITH_STRINGS 1
| #define HAVE_ALLOCA_H 1
| #define HAVE_ALLOCA 1
| #define HAVE_SBRK 1
| #define HAVE_UTIMES 1
| /* end confdefs.h.  */
| /* Define setmode to an innocuous variant, in case <limits.h> declares setmode.
|    For example, HP-UX 11i <limits.h> declares gettimeofday.  */
| #define setmode innocuous_setmode
| 
| /* System header to define __stub macros and hopefully few prototypes,
|     which can conflict with char setmode (); below.
|     Prefer <limits.h> to <assert.h> if __STDC__ is defined, since
|     <limits.h> exists even on freestanding compilers.  */
| 
| #ifdef __STDC__
| # include <limits.h>
| #else
| # include <assert.h>
| #endif
| 
| #undef setmode
| 
| /* Override any GCC internal prototype to avoid an error.
|    Use char because int might match the return type of a GCC
|    builtin and then its argument prototype would still apply.  */
| #ifdef __cplusplus
| extern "C"
| #endif
| char setmode ();
| /* The GNU C library defines this for functions which it implements
|     to always fail with ENOSYS.  Some functions are actually named
|     something starting with __ and the normal name is an alias.  */
| #if defined __stub_setmode || defined __stub___setmode
| choke me
| #endif
| 
| int
| main ()
| {
| return setmode ();
|   ;
|   return 0;
| }
configure:13163: result: no
configure:13163: checking for getc_unlocked
configure:13163: gcc -o conftest -g -O2  -static-libstdc++ -static-libgcc  conftest.c  >&5
configure:13163: $? = 0
configure:13163: result: yes
configure:13163: checking for strcoll
configure:13163: gcc -o conftest -g -O2  -static-libstdc++ -static-libgcc  conftest.c  >&5
configure:13163: $? = 0
configure:13163: result: yes
configure:13163: checking for setlocale
configure:13163: gcc -o conftest -g -O2  -static-libstdc++ -static-libgcc  conftest.c  >&5
configure:13163: $? = 0
configure:13163: result: yes
configure:13173: checking for mkstemp
configure:13173: gcc -o conftest -g -O2  -static-libstdc++ -static-libgcc  conftest.c  >&5
configure:13173: $? = 0
configure:13173: result: yes
configure:13180: checking for mkdtemp
configure:13180: gcc -o conftest -g -O2  -static-libstdc++ -static-libgcc  conftest.c  >&5
configure:13180: $? = 0
configure:13180: result: yes
configure:13187: checking for mbstate_t
configure:13200: gcc -c -g -O2  conftest.c >&5
configure:13200: $? = 0
configure:13206: result: yes
configure:13215: checking for library containing frexp
configure:13246: gcc -o conftest -g -O2  -static-libstdc++ -static-libgcc  conftest.c  >&5
conftest.c:65:6: warning: conflicting types for built-in function 'frexp'; expected 'double(double,  int *)' [-Wbuiltin-declaration-mismatch]
   65 | char frexp ();
      |      ^~~~~
conftest.c:1:1: note: 'frexp' is declared in header '<math.h>'
    1 | /* confdefs.h */
configure:13246: $? = 0
configure:13263: result: none required
configure:13273: checking for LC_MESSAGES
configure:13289: gcc -o conftest -g -O2  -static-libstdc++ -static-libgcc  conftest.c  >&5
configure:13289: $? = 0
configure:13297: result: yes
configure:13306: checking for time_t in time.h
configure:13322: gcc -c -g -O2  conftest.c >&5
configure:13322: $? = 0
configure:13330: result: yes
configure:13338: checking for time_t in sys/types.h
configure:13354: gcc -c -g -O2  conftest.c >&5
configure:13354: $? = 0
configure:13362: result: yes
configure:13370: checking for a known getopt prototype in unistd.h
configure:13386: gcc -c -g -O2  conftest.c >&5
configure:13386: $? = 0
configure:13394: result: yes
configure:13404: checking for utime.h
configure:13424: gcc -c -g -O2  conftest.c >&5
configure:13424: $? = 0
configure:13432: result: yes
configure:13440: checking whether environ is declared
configure:13440: gcc -c -g -O2  conftest.c >&5
configure:13440: $? = 0
configure:13440: result: yes
configure:13450: checking whether fprintf is declared
configure:13450: gcc -c -g -O2  conftest.c >&5
configure:13450: $? = 0
configure:13450: result: yes
configure:13460: checking whether getc_unlocked is declared
configure:13460: gcc -c -g -O2  conftest.c >&5
configure:13460: $? = 0
configure:13460: result: yes
configure:13470: checking whether getenv is declared
configure:13470: gcc -c -g -O2  conftest.c >&5
configure:13470: $? = 0
configure:13470: result: yes
configure:13480: checking whether sbrk is declared
configure:13480: gcc -c -g -O2  conftest.c >&5
configure:13480: $? = 0
configure:13480: result: yes
configure:13490: checking whether snprintf is declared
configure:13490: gcc -c -g -O2  conftest.c >&5
configure:13490: $? = 0
configure:13490: result: yes
configure:13500: checking whether stpcpy is declared
configure:13500: gcc -c -g -O2  conftest.c >&5
configure:13500: $? = 0
configure:13500: result: yes
configure:13510: checking whether strnlen is declared
configure:13510: gcc -c -g -O2  conftest.c >&5
configure:13510: $? = 0
configure:13510: result: yes
configure:13520: checking whether strstr is declared
configure:13520: gcc -c -g -O2  conftest.c >&5
configure:13520: $? = 0
configure:13520: result: yes
configure:13530: checking whether vsnprintf is declared
configure:13530: gcc -c -g -O2  conftest.c >&5
configure:13530: $? = 0
configure:13530: result: yes
configure:13587: checking iconv.h usability
configure:13587: gcc -c -g -O2  conftest.c >&5
configure:13587: $? = 0
configure:13587: result: yes
configure:13587: checking iconv.h presence
configure:13587: gcc -E  conftest.c
configure:13587: $? = 0
configure:13587: result: yes
configure:13587: checking for iconv.h
configure:13587: result: yes
configure:13633: checking for ld used by GCC
configure:13696: result: ld -m elf_x86_64
configure:13703: checking if the linker (ld -m elf_x86_64) is GNU ld
GNU ld (GNU Binutils for Ubuntu) 2.38
configure:13715: result: yes
configure:13721: checking for shared library run path origin
configure:13734: result: done
configure:14139: checking for iconv
configure:14163: gcc -o conftest -g -O2   -static-libstdc++ -static-libgcc  conftest.c  >&5
configure:14163: $? = 0
configure:14237: result: yes
configure:14280: checking for iconv declaration
configure:14309: gcc -c -g -O2  conftest.c >&5
configure:14309: $? = 0
configure:14320: result: install-shextern size_t iconv (iconv_t cd, char * *inbuf, size_t *inbytesleft, char * *outbuf, size_t *outbytesleft);
configure:14673: updating cache ./config.cache
configure:14734: creating ./config.status

## ---------------------- ##
## Running config.status. ##
## ---------------------- ##

This file was extended by binutils config.status 2.26.1, which was
generated by GNU Autoconf 2.64.  Invocation command line was

  CONFIG_FILES    = 
  CONFIG_HEADERS  = 
  CONFIG_LINKS    = 
  CONFIG_COMMANDS = 
  $ ./config.status 

on msi790

config.status:1181: creating Makefile
config.status:1181: creating doc/Makefile
config.status:1181: creating po/Makefile.in
config.status:1181: creating config.h
config.status:1401: executing depfiles commands
config.status:1401: executing libtool commands
config.status:1401: executing default-1 commands

## ---------------- ##
## Cache variables. ##
## ---------------- ##

ac_cv_build=x86_64-pc-linux-gnu
ac_cv_c_compiler_gnu=yes
ac_cv_env_CC_set=set
ac_cv_env_CC_value=gcc
ac_cv_env_CFLAGS_set=set
ac_cv_env_CFLAGS_value='-g -O2'
ac_cv_env_CPPFLAGS_set=
ac_cv_env_CPPFLAGS_value=
ac_cv_env_CPP_set=
ac_cv_env_CPP_value=
ac_cv_env_LDFLAGS_set=set
ac_cv_env_LDFLAGS_value='-static-libstdc++ -static-libgcc '
ac_cv_env_LIBS_set=
ac_cv_env_LIBS_value=
ac_cv_env_YACC_set=set
ac_cv_env_YACC_value='/tmp/binutils-2.26.1/missing bison -y'
ac_cv_env_YFLAGS_set=
ac_cv_env_YFLAGS_value=
ac_cv_env_build_alias_set=set
ac_cv_env_build_alias_value=x86_64-pc-linux-gnu
ac_cv_env_host_alias_set=set
ac_cv_env_host_alias_value=x86_64-pc-linux-gnu
ac_cv_env_target_alias_set=set
ac_cv_env_target_alias_value=i860-stardent-sysv4
ac_cv_func_alloca_works=yes
ac_cv_func_getc_unlocked=yes
ac_cv_func_mkdtemp=yes
ac_cv_func_mkstemp=yes
ac_cv_func_sbrk=yes
ac_cv_func_setlocale=yes
ac_cv_func_setmode=no
ac_cv_func_strcoll=yes
ac_cv_func_utimes=yes
ac_cv_have_decl_environ=yes
ac_cv_have_decl_fprintf=yes
ac_cv_have_decl_getc_unlocked=yes
ac_cv_have_decl_getenv=yes
ac_cv_have_decl_sbrk=yes
ac_cv_have_decl_snprintf=yes
ac_cv_have_decl_stpcpy=yes
ac_cv_have_decl_strnlen=yes
ac_cv_have_decl_strstr=yes
ac_cv_have_decl_vsnprintf=yes
ac_cv_header_dlfcn_h=yes
ac_cv_header_fcntl_h=yes
ac_cv_header_iconv_h=yes
ac_cv_header_inttypes_h=yes
ac_cv_header_limits_h=yes
ac_cv_header_locale_h=yes
ac_cv_header_memory_h=yes
ac_cv_header_minix_config_h=no
ac_cv_header_stdc=yes
ac_cv_header_stdint_h=yes
ac_cv_header_stdlib_h=yes
ac_cv_header_string_h=yes
ac_cv_header_strings_h=yes
ac_cv_header_sys_file_h=yes
ac_cv_header_sys_param_h=yes
ac_cv_header_sys_stat_h=yes
ac_cv_header_sys_types_h=yes
ac_cv_header_sys_wait_h=yes
ac_cv_header_unistd_h=yes
ac_cv_header_wchar_h=yes
ac_cv_header_windows_h=no
ac_cv_host=x86_64-pc-linux-gnu
ac_cv_objext=o
ac_cv_path_EGREP='/usr/bin/grep -E'
ac_cv_path_FGREP='/usr/bin/grep -F'
ac_cv_path_GMSGFMT=:
ac_cv_path_GREP=/usr/bin/grep
ac_cv_path_MSGFMT=:
ac_cv_path_MSGMERGE=:
ac_cv_path_SED=/usr/bin/sed
ac_cv_path_XGETTEXT=:
ac_cv_path_mkdir=/usr/bin/mkdir
ac_cv_prog_AR=ar
ac_cv_prog_AWK=mawk
ac_cv_prog_CC=gcc
ac_cv_prog_CPP='gcc -E'
ac_cv_prog_LEX='/tmp/binutils-2.26.1/missing flex'
ac_cv_prog_OBJDUMP=objdump
ac_cv_prog_RANLIB=ranlib
ac_cv_prog_YACC='/tmp/binutils-2.26.1/missing bison -y'
ac_cv_prog_ac_ct_STRIP=strip
ac_cv_prog_cc_c89=
ac_cv_prog_cc_g=yes
ac_cv_prog_make_make_set=yes
ac_cv_safe_to_define___extensions__=yes
ac_cv_search_dlopen='none required'
ac_cv_search_frexp='none required'
ac_cv_search_strerror='none required'
ac_cv_sizeof_long=8
ac_cv_sizeof_long_long=8
ac_cv_sys_file_offset_bits=no
ac_cv_sys_largefile_CC=no
ac_cv_target=i860-stardent-sysv4
ac_cv_type_long_long=yes
ac_cv_working_alloca_h=yes
acl_cv_hardcode_direct=no
acl_cv_hardcode_libdir_flag_spec='${wl}-rpath ${wl}$libdir'
acl_cv_hardcode_libdir_separator=
acl_cv_hardcode_minus_L=no
acl_cv_libext=a
acl_cv_path_LD='ld -m elf_x86_64'
acl_cv_prog_gnu_ld=yes
acl_cv_rpath=done
acl_cv_shlibext=so
acl_cv_wl=-Wl,
am_cv_CC_dependencies_compiler_type=gcc3
am_cv_func_iconv=yes
am_cv_lib_iconv=no
am_cv_proto_iconv='extern size_t iconv (iconv_t cd, char * *inbuf, size_t *inbytesleft, char * *outbuf, size_t *outbytesleft);'
am_cv_proto_iconv_arg1=
am_cv_val_LC_MESSAGES=yes
bu_cv_decl_getopt_unistd_h=yes
bu_cv_decl_time_t_time_h=yes
bu_cv_decl_time_t_types_h=yes
bu_cv_header_utime_h=yes
gcc_cv_header_string=yes
lt_cv_archive_cmds_need_lc=no
lt_cv_deplibs_check_method=pass_all
lt_cv_file_magic_cmd='$MAGIC_CMD'
lt_cv_file_magic_test_file=
lt_cv_ld_reload_flag=-r
lt_cv_nm_interface='BSD nm'
lt_cv_objdir=.libs
lt_cv_path_LD=ld
lt_cv_path_NM=nm
lt_cv_prog_compiler_c_o=yes
lt_cv_prog_compiler_pic_works=yes
lt_cv_prog_compiler_rtti_exceptions=no
lt_cv_prog_compiler_static_works=yes
lt_cv_prog_gnu_ld=yes
lt_cv_shlibpath_overrides_runpath=yes
lt_cv_sys_global_symbol_pipe='sed -n -e '\''s/^.*[	 ]\([ABCDGIRSTW][ABCDGIRSTW]*\)[	 ][	 ]*\([_A-Za-z][_A-Za-z0-9]*\)$/\1 \2 \2/p'\'''
lt_cv_sys_global_symbol_to_c_name_address='sed -n -e '\''s/^: \([^ ]*\) $/  {\"\1\", (void *) 0},/p'\'' -e '\''s/^[ABCDGIRSTW]* \([^ ]*\) \([^ ]*\)$/  {"\2", (void *) \&\2},/p'\'''
lt_cv_sys_global_symbol_to_c_name_address_lib_prefix='sed -n -e '\''s/^: \([^ ]*\) $/  {\"\1\", (void *) 0},/p'\'' -e '\''s/^[ABCDGIRSTW]* \([^ ]*\) \(lib[^ ]*\)$/  {"\2", (void *) \&\2},/p'\'' -e '\''s/^[ABCDGIRSTW]* \([^ ]*\) \([^ ]*\)$/  {"lib\2", (void *) \&\2},/p'\'''
lt_cv_sys_global_symbol_to_cdecl='sed -n -e '\''s/^T .* \(.*\)$/extern int \1();/p'\'' -e '\''s/^[ABCDGIRSTW]* .* \(.*\)$/extern char \1;/p'\'''
lt_cv_sys_max_cmd_len=1572864

## ----------------- ##
## Output variables. ##
## ----------------- ##

ACLOCAL='${SHELL} /tmp/binutils-2.26.1/missing --run aclocal-1.11'
ALLOCA=''
AMDEPBACKSLASH='\'
AMDEP_FALSE='#'
AMDEP_TRUE=''
AMTAR='${SHELL} /tmp/binutils-2.26.1/missing --run tar'
AR='ar'
AUTOCONF='${SHELL} /tmp/binutils-2.26.1/missing --run autoconf'
AUTOHEADER='${SHELL} /tmp/binutils-2.26.1/missing --run autoheader'
AUTOMAKE='${SHELL} /tmp/binutils-2.26.1/missing --run automake-1.11'
AWK='mawk'
BUILD_DLLTOOL=''
BUILD_DLLWRAP=''
BUILD_INSTALL_MISC=''
BUILD_MISC=''
BUILD_NLMCONV=''
BUILD_SRCONV=''
BUILD_WINDMC=''
BUILD_WINDRES=''
CATALOGS=' bg.gmo ca.gmo da.gmo es.gmo fi.gmo fr.gmo hr.gmo id.gmo it.gmo ja.gmo ro.gmo ru.gmo rw.gmo sk.gmo sr.gmo sv.gmo tr.gmo uk.gmo vi.gmo zh_CN.gmo zh_TW.gmo bg.gmo ca.gmo da.gmo es.gmo fi.gmo fr.gmo hr.gmo id.gmo it.gmo ja.gmo ro.gmo ru.gmo rw.gmo sk.gmo sr.gmo sv.gmo tr.gmo uk.gmo vi.gmo zh_CN.gmo zh_TW.gmo'
CATOBJEXT='.gmo'
CC='gcc'
CCDEPMODE='depmode=gcc3'
CC_FOR_BUILD='gcc'
CFLAGS='-g -O2'
CPP='gcc -E'
CPPFLAGS=''
CYGPATH_W='echo'
DATADIRNAME='share'
DEFS='-DHAVE_CONFIG_H'
DEMANGLER_NAME='c++filt'
DEPDIR='.deps'
DLLTOOL_DEFS=' '
DSYMUTIL=''
DUMPBIN=''
ECHO_C=''
ECHO_N='-n'
ECHO_T=''
EGREP='/usr/bin/grep -E'
EMULATION='vanilla'
EMULATION_VECTOR='bin_vanilla_emulation'
EXEEXT=''
EXEEXT_FOR_BUILD='$(EXEEXT)'
FGREP='/usr/bin/grep -F'
GENCAT='gencat'
GENINSRC_NEVER_FALSE=''
GENINSRC_NEVER_TRUE='#'
GMSGFMT=':'
GREP='/usr/bin/grep'
HDEFINES=''
INCINTL=''
INSTALL_DATA='/usr/bin/install -c -m 644'
INSTALL_PROGRAM='/usr/bin/install -c'
INSTALL_SCRIPT='/usr/bin/install -c'
INSTALL_STRIP_PROGRAM='$(install_sh) -c -s'
INSTOBJEXT='.mo'
LD='ld -m elf_x86_64'
LDFLAGS='-static-libstdc++ -static-libgcc '
LEX='/tmp/binutils-2.26.1/missing flex'
LEXLIB=''
LEX_OUTPUT_ROOT=''
LIBICONV=''
LIBINTL=''
LIBINTL_DEP=''
LIBOBJS=''
LIBS=''
LIBTOOL='$(SHELL) $(top_builddir)/libtool'
LIPO=''
LN_S='ln -s'
LTLIBICONV=''
LTLIBOBJS=''
MAINT='#'
MAINTAINER_MODE_FALSE=''
MAINTAINER_MODE_TRUE='#'
MAKEINFO='/tmp/binutils-2.26.1/missing makeinfo --split-size=5000000'
MKDIR_P='/usr/bin/mkdir -p'
MKINSTALLDIRS='$(top_builddir)/./../mkinstalldirs'
MSGFMT=':'
MSGMERGE=':'
NLMCONV_DEFS=''
NM='nm'
NMEDIT=''
NO_WERROR=''
OBJDUMP='objdump'
OBJDUMP_DEFS=' -DOBJDUMP_PRIVATE_VECTORS=""'
OBJDUMP_PRIVATE_OFILES=''
OBJEXT='o'
OTOOL64=''
OTOOL=''
PACKAGE='binutils'
PACKAGE_BUGREPORT=''
PACKAGE_NAME='binutils'
PACKAGE_STRING='binutils 2.26.1'
PACKAGE_TARNAME='binutils'
PACKAGE_URL=''
PACKAGE_VERSION='2.26.1'
PATH_SEPARATOR=':'
POSUB='po'
RANLIB='ranlib'
SED='/usr/bin/sed'
SET_MAKE=''
SHELL='/bin/bash'
STRIP='strip'
USE_NLS='yes'
VERSION='2.26.1'
WARN_CFLAGS='-W -Wall -Wstrict-prototypes -Wmissing-prototypes -Wshadow'
XGETTEXT=':'
YACC='/tmp/binutils-2.26.1/missing bison -y'
YFLAGS=''
ac_ct_CC=''
ac_ct_DUMPBIN=''
am__EXEEXT_FALSE=''
am__EXEEXT_TRUE='#'
am__fastdepCC_FALSE='#'
am__fastdepCC_TRUE=''
am__include='include'
am__isrc=''
am__leading_dot='.'
am__quote=''
am__tar='${AMTAR} chof - "$$tardir"'
am__untar='${AMTAR} xf -'
bindir='${exec_prefix}/bin'
build='x86_64-pc-linux-gnu'
build_alias='x86_64-pc-linux-gnu'
build_cpu='x86_64'
build_os='linux-gnu'
build_vendor='pc'
datadir='${datarootdir}'
datarootdir='${prefix}/share'
docdir='${datarootdir}/doc/${PACKAGE_TARNAME}'
dvidir='${docdir}'
exec_prefix='${prefix}'
host='x86_64-pc-linux-gnu'
host_alias='x86_64-pc-linux-gnu'
host_cpu='x86_64'
host_os='linux-gnu'
host_vendor='pc'
htmldir='${docdir}'
includedir='${prefix}/include'
infodir='${datarootdir}/info'
install_sh='${SHELL} /tmp/binutils-2.26.1/install-sh'
libdir='${exec_prefix}/lib'
libexecdir='${exec_prefix}/libexec'
localedir='${datarootdir}/locale'
localstatedir='${prefix}/var'
mandir='${datarootdir}/man'
mkdir_p='/usr/bin/mkdir -p'
oldincludedir='/usr/include'
pdfdir='${docdir}'
prefix='/opt/i860'
program_transform_name='s&^&i860-stardent-sysv4-&'
psdir='${docdir}'
sbindir='${exec_prefix}/sbin'
sharedstatedir='${prefix}/com'
sysconfdir='${prefix}/etc'
target='i860-stardent-sysv4'
target_alias='i860-stardent-sysv4'
target_cpu='i860'
target_os='sysv4'
target_vendor='stardent'
zlibdir='-L$(top_builddir)/../zlib'
zlibinc='-I$(top_srcdir)/../zlib'

## ----------- ##
## confdefs.h. ##
## ----------- ##

/* confdefs.h */
#define PACKAGE_NAME "binutils"
#define PACKAGE_TARNAME "binutils"
#define PACKAGE_VERSION "2.26.1"
#define PACKAGE_STRING "binutils 2.26.1"
#define PACKAGE_BUGREPORT ""
#define PACKAGE_URL ""
#define PACKAGE "binutils"
#define VERSION "2.26.1"
#define STDC_HEADERS 1
#define HAVE_SYS_TYPES_H 1
#define HAVE_SYS_STAT_H 1
#define HAVE_STDLIB_H 1
#define HAVE_STRING_H 1
#define HAVE_MEMORY_H 1
#define HAVE_STRINGS_H 1
#define HAVE_INTTYPES_H 1
#define HAVE_STDINT_H 1
#define HAVE_UNISTD_H 1
#define __EXTENSIONS__ 1
#define _ALL_SOURCE 1
#define _GNU_SOURCE 1
#define _POSIX_PTHREAD_SEMANTICS 1
#define _TANDEM_SOURCE 1
#define HAVE_DLFCN_H 1
#define LT_OBJDIR ".libs/"
#define HAVE_DLFCN_H 1
#define DEFAULT_AR_DETERMINISTIC 0
#define DEFAULT_STRINGS_ALL 1
#define ENABLE_NLS 1
#define EXECUTABLE_SUFFIX ""
#define SIZEOF_LONG 8
#define HAVE_LONG_LONG 1
#define SIZEOF_LONG_LONG 8
#define HAVE_STRING_H 1
#define HAVE_STRINGS_H 1
#define HAVE_STDLIB_H 1
#define HAVE_UNISTD_H 1
#define HAVE_FCNTL_H 1
#define HAVE_SYS_FILE_H 1
#define HAVE_LIMITS_H 1
#define HAVE_LOCALE_H 1
#define HAVE_SYS_PARAM_H 1
#define HAVE_WCHAR_H 1
#define HAVE_SYS_WAIT_H 1
#define STRING_WITH_STRINGS 1
#define HAVE_ALLOCA_H 1
#define HAVE_ALLOCA 1
#define HAVE_SBRK 1
#define HAVE_UTIMES 1
#define HAVE_GETC_UNLOCKED 1
#define HAVE_STRCOLL 1
#define HAVE_SETLOCALE 1
#define HAVE_MKSTEMP 1
#define HAVE_MKDTEMP 1
#define HAVE_MBSTATE_T 1
#define HAVE_LC_MESSAGES 1
#define HAVE_TIME_T_IN_TIME_H 1
#define HAVE_TIME_T_IN_TYPES_H 1
#define HAVE_DECL_GETOPT 1
#define HAVE_GOOD_UTIME_H 1
#define HAVE_DECL_ENVIRON 1
#define HAVE_DECL_FPRINTF 1
#define HAVE_DECL_GETC_UNLOCKED 1
#define HAVE_DECL_GETENV 1
#define HAVE_DECL_SBRK 1
#define HAVE_DECL_SNPRINTF 1
#define HAVE_DECL_STPCPY 1
#define HAVE_DECL_STRNLEN 1
#define HAVE_DECL_STRSTR 1
#define HAVE_DECL_VSNPRINTF 1
#define HAVE_ICONV 1
#define ICONV_CONST 
#define TARGET "i860-stardent-sysv4"
#define TARGET_PREPENDS_UNDERSCORE 0

configure: exit 0
